[2022-06-13T06:33:36.635Z] Log level: Info
[2022-06-13T06:33:36.636Z] [info] Validating found git in: git
[2022-06-13T06:33:36.661Z] [info] Using git 2.36.1 from git
[2022-06-13T06:33:36.675Z] > git rev-parse --show-toplevel [4ms]
[2022-06-13T06:33:36.692Z] > git rev-parse --git-dir --git-common-dir [8ms]
[2022-06-13T06:33:36.696Z] [info] Open repository: /home/baka/code/imryanide.github.io
[2022-06-13T06:33:36.733Z] > git status -z -uall [30ms]
[2022-06-13T06:33:36.741Z] > git symbolic-ref --short HEAD [3ms]
[2022-06-13T06:33:36.749Z] > git for-each-ref --format=%(refname)%00%(upstream:short)%00%(objectname)%00%(upstream:track)%00%(upstream:remotename)%00%(upstream:remoteref) refs/heads/prod refs/remotes/prod [1ms]
[2022-06-13T06:33:36.762Z] > git remote --verbose [1ms]
[2022-06-13T06:33:36.763Z] > git for-each-ref --sort -committerdate --format %(refname) %(objectname) %(*objectname) [9ms]
[2022-06-13T06:33:36.771Z] > git config --get commit.template [1ms]
[2022-06-13T06:33:37.239Z] > git check-ignore -v -z --stdin [1ms]
[2022-06-13T06:33:37.895Z] > git show --textconv :index.html [24ms]
[2022-06-13T06:33:37.896Z] > git ls-files --stage -- /home/baka/code/imryanide.github.io/index.html [14ms]
[2022-06-13T06:33:37.903Z] > git cat-file -s 695a9833abe2ed8192b0663aac007a540cb94016 [1ms]
[2022-06-13T06:33:45.174Z] > git check-ignore -v -z --stdin [4ms]
[2022-06-13T06:33:46.370Z] > git ls-files --stage -- /home/baka/code/imryanide.github.io/css/light-index.css [3ms]
[2022-06-13T06:33:46.381Z] > git show --textconv :css/light-index.css [26ms]
[2022-06-13T06:33:46.385Z] > git cat-file -s d67cc5f5ab08c84fe18e76734389b4cad5af0a3e [4ms]
[2022-06-13T06:34:07.767Z] > git status -z -uall [12ms]
[2022-06-13T06:34:07.792Z] > git symbolic-ref --short HEAD [4ms]
[2022-06-13T06:34:07.805Z] > git for-each-ref --format=%(refname)%00%(upstream:short)%00%(objectname)%00%(upstream:track)%00%(upstream:remotename)%00%(upstream:remoteref) refs/heads/prod refs/remotes/prod [3ms]
[2022-06-13T06:34:07.823Z] > git for-each-ref --sort -committerdate --format %(refname) %(objectname) %(*objectname) [9ms]
[2022-06-13T06:34:07.825Z] > git remote --verbose [3ms]
[2022-06-13T06:34:07.851Z] > git config --get commit.template [17ms]
[2022-06-13T06:34:45.788Z] > git status -z -uall [5ms]
[2022-06-13T06:34:45.802Z] > git symbolic-ref --short HEAD [2ms]
[2022-06-13T06:34:45.815Z] > git for-each-ref --format=%(refname)%00%(upstream:short)%00%(objectname)%00%(upstream:track)%00%(upstream:remotename)%00%(upstream:remoteref) refs/heads/prod refs/remotes/prod [6ms]
[2022-06-13T06:34:45.826Z] > git for-each-ref --sort -committerdate --format %(refname) %(objectname) %(*objectname) [6ms]
[2022-06-13T06:34:45.827Z] > git remote --verbose [2ms]
[2022-06-13T06:34:45.835Z] > git config --get commit.template [1ms]
[2022-06-13T06:34:47.195Z] > git show --textconv :index.html [22ms]
[2022-06-13T06:34:47.199Z] > git ls-files --stage -- /home/baka/code/imryanide.github.io/index.html [8ms]
[2022-06-13T06:34:47.216Z] > git cat-file -s 695a9833abe2ed8192b0663aac007a540cb94016 [3ms]
[2022-06-13T07:19:04.879Z] > git show --textconv :css/phone.css [7ms]
[2022-06-13T07:19:04.880Z] > git ls-files --stage -- /home/baka/code/imryanide.github.io/css/phone.css [2ms]
[2022-06-13T07:19:04.887Z] > git cat-file -s ef0120a78031b4e38c6990a631b19475a7f6ab43 [1ms]
[2022-06-13T07:19:11.188Z] > git show --textconv :index.html [10ms]
[2022-06-13T07:19:11.189Z] > git ls-files --stage -- /home/baka/code/imryanide.github.io/index.html [2ms]
[2022-06-13T07:19:11.196Z] > git cat-file -s 695a9833abe2ed8192b0663aac007a540cb94016 [2ms]
[2022-06-13T07:19:19.697Z] > git show --textconv :css/light-index.css [13ms]
[2022-06-13T07:19:19.700Z] > git ls-files --stage -- /home/baka/code/imryanide.github.io/css/light-index.css [5ms]
[2022-06-13T07:19:19.711Z] > git cat-file -s d67cc5f5ab08c84fe18e76734389b4cad5af0a3e [2ms]
[2022-06-13T07:20:17.965Z] > git show --textconv :css/phone.css [9ms]
[2022-06-13T07:20:17.966Z] > git ls-files --stage -- /home/baka/code/imryanide.github.io/css/phone.css [2ms]
[2022-06-13T07:20:17.974Z] > git cat-file -s ef0120a78031b4e38c6990a631b19475a7f6ab43 [1ms]
[2022-06-13T08:22:10.031Z] > git show --textconv :index.html [7ms]
[2022-06-13T08:22:10.032Z] > git ls-files --stage -- /home/baka/code/imryanide.github.io/index.html [2ms]
[2022-06-13T08:22:10.039Z] > git cat-file -s 695a9833abe2ed8192b0663aac007a540cb94016 [2ms]
[2022-06-13T08:22:16.056Z] > git status -z -uall [7ms]
[2022-06-13T08:22:16.072Z] > git symbolic-ref --short HEAD [2ms]
[2022-06-13T08:22:16.082Z] > git for-each-ref --format=%(refname)%00%(upstream:short)%00%(objectname)%00%(upstream:track)%00%(upstream:remotename)%00%(upstream:remoteref) refs/heads/prod refs/remotes/prod [2ms]
[2022-06-13T08:22:16.097Z] > git remote --verbose [3ms]
[2022-06-13T08:22:16.098Z] > git for-each-ref --sort -committerdate --format %(refname) %(objectname) %(*objectname) [9ms]
[2022-06-13T08:22:16.109Z] > git config --get commit.template [2ms]
[2022-06-13T08:26:26.946Z] > git show --textconv :css/light-index.css [17ms]
[2022-06-13T08:26:26.948Z] > git ls-files --stage -- /home/baka/code/imryanide.github.io/css/light-index.css [5ms]
[2022-06-13T08:26:26.966Z] > git cat-file -s d67cc5f5ab08c84fe18e76734389b4cad5af0a3e [4ms]
[2022-06-13T08:26:29.415Z] > git show --textconv :index.html [12ms]
[2022-06-13T08:26:29.417Z] > git ls-files --stage -- /home/baka/code/imryanide.github.io/index.html [5ms]
[2022-06-13T08:26:29.428Z] > git cat-file -s 695a9833abe2ed8192b0663aac007a540cb94016 [2ms]
[2022-06-13T08:55:47.080Z] > git status -z -uall [7ms]
[2022-06-13T08:55:47.099Z] > git symbolic-ref --short HEAD [2ms]
[2022-06-13T08:55:47.111Z] > git for-each-ref --format=%(refname)%00%(upstream:short)%00%(objectname)%00%(upstream:track)%00%(upstream:remotename)%00%(upstream:remoteref) refs/heads/prod refs/remotes/prod [2ms]
[2022-06-13T08:55:47.130Z] > git for-each-ref --sort -committerdate --format %(refname) %(objectname) %(*objectname) [9ms]
[2022-06-13T08:55:47.130Z] > git remote --verbose [2ms]
[2022-06-13T08:55:47.142Z] > git config --get commit.template [1ms]
[2022-06-13T08:56:25.234Z] > git status -z -uall [3ms]
[2022-06-13T08:56:25.243Z] > git symbolic-ref --short HEAD [2ms]
[2022-06-13T08:56:25.252Z] > git for-each-ref --format=%(refname)%00%(upstream:short)%00%(objectname)%00%(upstream:track)%00%(upstream:remotename)%00%(upstream:remoteref) refs/heads/prod refs/remotes/prod [2ms]
[2022-06-13T08:56:25.267Z] > git for-each-ref --sort -committerdate --format %(refname) %(objectname) %(*objectname) [8ms]
[2022-06-13T08:56:25.267Z] > git remote --verbose [1ms]
[2022-06-13T08:56:25.277Z] > git config --get commit.template [1ms]
[2022-06-13T09:59:19.165Z] > git show --textconv :css/light-index.css [11ms]
[2022-06-13T09:59:19.165Z] > git ls-files --stage -- /home/baka/code/imryanide.github.io/css/light-index.css [3ms]
[2022-06-13T09:59:19.178Z] > git cat-file -s d67cc5f5ab08c84fe18e76734389b4cad5af0a3e [3ms]
[2022-06-13T09:59:39.478Z] > git show --textconv :index.html [9ms]
[2022-06-13T09:59:39.479Z] > git ls-files --stage -- /home/baka/code/imryanide.github.io/index.html [2ms]
[2022-06-13T09:59:39.488Z] > git cat-file -s 695a9833abe2ed8192b0663aac007a540cb94016 [1ms]
[2022-06-13T10:00:28.278Z] > git show --textconv :css/light-index.css [15ms]
[2022-06-13T10:00:28.280Z] > git ls-files --stage -- /home/baka/code/imryanide.github.io/css/light-index.css [3ms]
[2022-06-13T10:00:28.287Z] > git cat-file -s d67cc5f5ab08c84fe18e76734389b4cad5af0a3e [2ms]
[2022-06-13T10:00:33.399Z] > git show --textconv :css/light-index.css [16ms]
[2022-06-13T10:00:33.400Z] > git ls-files --stage -- /home/baka/code/imryanide.github.io/css/light-index.css [3ms]
[2022-06-13T10:00:33.414Z] > git cat-file -s d67cc5f5ab08c84fe18e76734389b4cad5af0a3e [2ms]
[2022-06-13T10:00:35.441Z] > git show --textconv :index.html [30ms]
[2022-06-13T10:00:35.445Z] > git ls-files --stage -- /home/baka/code/imryanide.github.io/index.html [7ms]
[2022-06-13T10:00:35.473Z] > git cat-file -s 695a9833abe2ed8192b0663aac007a540cb94016 [8ms]
[2022-06-13T10:00:43.443Z] > git status -z -uall [19ms]
[2022-06-13T10:00:43.492Z] > git symbolic-ref --short HEAD [17ms]
[2022-06-13T10:00:43.541Z] > git for-each-ref --format=%(refname)%00%(upstream:short)%00%(objectname)%00%(upstream:track)%00%(upstream:remotename)%00%(upstream:remoteref) refs/heads/prod refs/remotes/prod [6ms]
[2022-06-13T10:00:43.565Z] > git remote --verbose [2ms]
[2022-06-13T10:00:43.566Z] > git for-each-ref --sort -committerdate --format %(refname) %(objectname) %(*objectname) [15ms]
[2022-06-13T10:00:43.581Z] > git config --get commit.template [1ms]
[2022-06-13T10:01:44.869Z] > git status -z -uall [15ms]
[2022-06-13T10:01:44.898Z] > git symbolic-ref --short HEAD [8ms]
[2022-06-13T10:01:44.913Z] > git for-each-ref --format=%(refname)%00%(upstream:short)%00%(objectname)%00%(upstream:track)%00%(upstream:remotename)%00%(upstream:remoteref) refs/heads/prod refs/remotes/prod [6ms]
[2022-06-13T10:01:44.934Z] > git for-each-ref --sort -committerdate --format %(refname) %(objectname) %(*objectname) [12ms]
[2022-06-13T10:01:44.934Z] > git remote --verbose [1ms]
[2022-06-13T10:01:44.947Z] > git config --get commit.template [2ms]
[2022-06-13T10:01:48.862Z] > git add -A -- . [11ms]
[2022-06-13T10:01:48.883Z] > git -c user.useConfigOnly=true commit --quiet --allow-empty-message --file - [8ms]
[2022-06-13T10:01:48.896Z] > git status -z -uall [5ms]
[2022-06-13T10:01:48.912Z] > git symbolic-ref --short HEAD [6ms]
[2022-06-13T10:01:48.928Z] > git for-each-ref --format=%(refname)%00%(upstream:short)%00%(objectname)%00%(upstream:track)%00%(upstream:remotename)%00%(upstream:remoteref) refs/heads/prod refs/remotes/prod [6ms]
[2022-06-13T10:01:48.962Z] > git for-each-ref --sort -committerdate --format %(refname) %(objectname) %(*objectname) [24ms]
[2022-06-13T10:01:48.966Z] > git remote --verbose [9ms]
[2022-06-13T10:01:48.986Z] > git config --get commit.template [3ms]
[2022-06-13T10:01:48.998Z] > git config --get commit.template [1ms]
[2022-06-13T10:01:50.106Z] > git ls-files --stage -- /home/baka/code/imryanide.github.io/index.html [7ms]
[2022-06-13T10:01:50.133Z] > git cat-file -s a3169bb78c854468cc2717877fac404b765c661e [5ms]
[2022-06-13T10:01:50.173Z] > git show --textconv :index.html [8ms]
[2022-06-13T10:01:50.941Z] > git log --oneline --cherry prod...prod@{upstream} -- [9ms]
[2022-06-13T10:01:52.183Z] > git ls-files --stage -- /home/baka/code/imryanide.github.io/index.html [7ms]
[2022-06-13T10:01:52.234Z] > git cat-file -s a3169bb78c854468cc2717877fac404b765c661e [10ms]
[2022-06-13T10:01:52.257Z] > git show --textconv :index.html [3ms]
[2022-06-13T10:04:00.674Z] > git pull --tags origin prod [129691ms]
[2022-06-13T10:04:00.674Z] ssh: connect to host github.com port 22: Connection timed out
fatal: Could not read from remote repository.

Please make sure you have the correct access rights
and the repository exists.
[2022-06-13T10:04:07.128Z] > git ls-files --stage -- /home/baka/code/imryanide.github.io/index.html [2ms]
[2022-06-13T10:04:07.136Z] > git cat-file -s a3169bb78c854468cc2717877fac404b765c661e [1ms]
[2022-06-13T10:04:07.147Z] > git show --textconv :index.html [2ms]
