{"level":30,"time":"2022-05-17T09:16:19.925Z","pid":25486,"hostname":"sussy","msg":"app ready"}
{"level":30,"time":"2022-05-17T09:16:19.926Z","pid":25486,"hostname":"sussy","msg":"starting version 5.43.0"}
{"level":30,"time":"2022-05-17T09:16:19.926Z","pid":25486,"hostname":"sussy","msg":"media access status [object Undefined] [object Undefined]"}
{"level":30,"time":"2022-05-17T09:16:19.937Z","pid":25486,"hostname":"sussy","msg":"got fast spellcheck setting true"}
{"level":30,"time":"2022-05-17T09:16:19.939Z","pid":25486,"hostname":"sussy","msg":"getSystemTraySetting had no flags and did no DB lookups. Returning DoNotUseSystemTray"}
{"level":30,"time":"2022-05-17T09:16:19.939Z","pid":25486,"hostname":"sussy","msg":"Initializing BrowserWindow config: {\"show\":false,\"width\":800,\"height\":696,\"minWidth\":712,\"minHeight\":550,\"autoHideMenuBar\":false,\"titleBarStyle\":\"default\",\"backgroundColor\":\"#3a76f0\",\"webPreferences\":{\"devTools\":false,\"spellcheck\":true,\"nodeIntegration\":false,\"nodeIntegrationInWorker\":false,\"contextIsolation\":false,\"preload\":\"[REDACTED]/preload.bundle.js\",\"backgroundThrottling\":false,\"enablePreferredSizeMode\":true},\"icon\":\"[REDACTED]/images/signal-logo-desktop-linux.png\",\"x\":825,\"y\":64}"}
{"level":30,"time":"2022-05-17T09:16:20.174Z","pid":25486,"hostname":"sussy","msg":"spellcheck: user locale: en"}
{"level":30,"time":"2022-05-17T09:16:20.174Z","pid":25486,"hostname":"sussy","msg":"spellcheck: available spellchecker languages:  [\"af\",\"bg\",\"ca\",\"cs\",\"cy\",\"da\",\"de\",\"de-DE\",\"el\",\"en-AU\",\"en-CA\",\"en-GB\",\"en-GB-oxendict\",\"en-US\",\"es\",\"es-419\",\"es-AR\",\"es-ES\",\"es-MX\",\"es-US\",\"et\",\"fa\",\"fo\",\"fr\",\"fr-FR\",\"he\",\"hi\",\"hr\",\"hu\",\"hy\",\"id\",\"it\",\"it-IT\",\"ko\",\"lt\",\"lv\",\"nb\",\"nl\",\"pl\",\"pt\",\"pt-BR\",\"pt-PT\",\"ro\",\"ru\",\"sh\",\"sk\",\"sl\",\"sq\",\"sr\",\"sv\",\"ta\",\"tg\",\"tr\",\"uk\",\"vi\"]"}
{"level":30,"time":"2022-05-17T09:16:20.174Z","pid":25486,"hostname":"sussy","msg":"spellcheck: setting languages to:  [\"en-AU\",\"en-CA\",\"en-GB\",\"en-GB-oxendict\",\"en-US\"]"}
{"level":30,"time":"2022-05-17T09:16:20.194Z","pid":25486,"hostname":"sussy","msg":"MainSQL: updateSchema:\n  Current user_version: 57;\n  Most recent db schema: 57;\n  SQLite version: 3.37.2;\n  SQLCipher version: 4.5.1 community;\n  (deprecated) schema_version: 260;\n"}
{"level":30,"time":"2022-05-17T09:16:20.194Z","pid":25486,"hostname":"sussy","msg":"got fast spellcheck setting true"}
{"level":30,"time":"2022-05-17T09:16:20.216Z","pid":25486,"hostname":"sussy","msg":"System tray service: created"}
{"level":30,"time":"2022-05-17T09:16:20.216Z","pid":25486,"hostname":"sussy","msg":"System tray service: updating main window. Previously, there was not a window, and now there is"}
{"level":30,"time":"2022-05-17T09:16:20.216Z","pid":25486,"hostname":"sussy","msg":"System tray service: rendering no tray"}
{"level":30,"time":"2022-05-17T09:16:20.217Z","pid":25486,"hostname":"sussy","msg":"Begin ensuring permissions"}
{"level":30,"time":"2022-05-17T09:16:20.223Z","pid":25486,"hostname":"sussy","msg":"Ensuring file permissions for 4 files"}
{"level":30,"time":"2022-05-17T09:16:20.225Z","pid":25486,"hostname":"sussy","msg":"Finish ensuring permissions in 8ms"}
{"level":30,"time":"2022-05-17T09:16:22.537Z","pid":25486,"hostname":"sussy","msg":"main window is ready-to-show"}
{"level":30,"time":"2022-05-17T09:16:22.537Z","pid":25486,"hostname":"sussy","msg":"showing main window"}
{"level":30,"time":"2022-05-17T09:16:22.593Z","pid":25486,"hostname":"sussy","msg":"System tray service: rendering no tray"}
{"level":30,"time":"2022-05-17T09:16:23.246Z","pid":25486,"hostname":"sussy","msg":"Updating BrowserWindow config: %s {\"maximized\":false,\"autoHideMenuBar\":false,\"fullscreen\":false,\"width\":446,\"height\":718,\"x\":914,\"y\":44}"}
{"level":30,"time":"2022-05-17T09:16:23.249Z","pid":25486,"hostname":"sussy","msg":"config/set: Saving ephemeral config to disk"}
{"level":30,"time":"2022-05-17T09:16:23.250Z","pid":25486,"hostname":"sussy","msg":"config/set: Saved ephemeral config to disk"}
{"level":30,"time":"2022-05-17T09:16:23.758Z","pid":25486,"hostname":"sussy","msg":"MainSQL: removeKnownAttachments: About to iterate through 1 messages"}
{"level":30,"time":"2022-05-17T09:16:23.761Z","pid":25486,"hostname":"sussy","msg":"MainSQL: removeKnownAttachments: Done processing 1 messages"}
{"level":30,"time":"2022-05-17T09:16:23.761Z","pid":25486,"hostname":"sussy","msg":"MainSQL: removeKnownAttachments: About to iterate through 24 conversations"}
{"level":30,"time":"2022-05-17T09:16:23.761Z","pid":25486,"hostname":"sussy","msg":"MainSQL: removeKnownAttachments: Done processing 24 conversations"}
{"level":30,"time":"2022-05-17T09:16:23.762Z","pid":25486,"hostname":"sussy","msg":"deleteAll: deleted 0 files"}
{"level":30,"time":"2022-05-17T09:16:23.765Z","pid":25486,"hostname":"sussy","msg":"deleteAllBadges: deleted 0 files"}
{"level":30,"time":"2022-05-17T09:16:23.790Z","pid":25486,"hostname":"sussy","msg":"MainSQL: removeKnownStickers: About to iterate through 219 stickers"}
{"level":30,"time":"2022-05-17T09:16:23.791Z","pid":25486,"hostname":"sussy","msg":"MainSQL: removeKnownStickers: Done processing 219 stickers"}
{"level":30,"time":"2022-05-17T09:16:23.791Z","pid":25486,"hostname":"sussy","msg":"deleteAllStickers: deleted 0 files"}
{"level":30,"time":"2022-05-17T09:16:23.798Z","pid":25486,"hostname":"sussy","msg":"MainSQL: removeKnownDraftAttachments: About to iterate through 24 conversations"}
{"level":30,"time":"2022-05-17T09:16:23.798Z","pid":25486,"hostname":"sussy","msg":"MainSQL: removeKnownDraftAttachments: Done processing 24 conversations"}
{"level":30,"time":"2022-05-17T09:16:23.799Z","pid":25486,"hostname":"sussy","msg":"deleteAllDraftAttachments: deleted 0 files"}
{"level":30,"time":"2022-05-17T09:16:23.800Z","pid":25486,"hostname":"sussy","msg":"Begin ensuring permissions"}
{"level":30,"time":"2022-05-17T09:16:23.800Z","pid":25486,"hostname":"sussy","msg":"sending `database-ready`"}
{"level":30,"time":"2022-05-17T09:16:23.836Z","pid":25486,"hostname":"sussy","msg":"Ensuring file permissions for 454 files"}
{"level":50,"time":"2022-05-17T09:16:23.841Z","pid":25486,"hostname":"sussy","msg":"ensureFilePermissions: Error from chmod ENOENT: no such file or directory, chmod '[REDACTED]/SingletonCookie'"}
{"level":50,"time":"2022-05-17T09:16:23.841Z","pid":25486,"hostname":"sussy","msg":"ensureFilePermissions: Error from chmod ENOENT: no such file or directory, chmod '[REDACTED]/SingletonLock'"}
{"level":30,"time":"2022-05-17T09:16:23.916Z","pid":25486,"hostname":"sussy","msg":"Finish ensuring permissions in 116ms"}
{"level":30,"time":"2022-05-17T09:16:24.053Z","pid":25486,"hostname":"sussy","msg":"Prevent display sleep service: allowing display sleep"}
{"level":30,"time":"2022-05-17T09:16:24.073Z","pid":25486,"hostname":"sussy","msg":"close event {\"readyForShutdown\":false,\"shouldQuit\":false}"}
{"level":30,"time":"2022-05-17T09:16:24.073Z","pid":25486,"hostname":"sussy","msg":"System tray service: rendering no tray"}
{"level":30,"time":"2022-05-17T09:16:24.074Z","pid":25486,"hostname":"sussy","msg":"requestShutdown: Requesting close of mainWindow..."}
{"level":30,"time":"2022-05-17T09:16:24.270Z","pid":25486,"hostname":"sussy","msg":"requestShutdown: Response received"}
{"level":30,"time":"2022-05-17T09:16:24.280Z","pid":25486,"hostname":"sussy","msg":"before-quit event {\"readyForShutdown\":true,\"shouldQuit\":false}"}
{"level":30,"time":"2022-05-17T09:16:24.280Z","pid":25486,"hostname":"sussy","msg":"System tray service: markShouldQuit"}
{"level":30,"time":"2022-05-17T09:16:24.281Z","pid":25486,"hostname":"sussy","msg":"close event {\"readyForShutdown\":true,\"shouldQuit\":true}"}
{"level":30,"time":"2022-05-17T09:16:24.296Z","pid":25486,"hostname":"sussy","msg":"System tray service: updating main window. Previously, there was a window, and now there is not"}
