[2022-06-13 12:03:07.560] [exthost] [info] Extension host with pid 22093 started
[2022-06-13 12:03:07.560] [exthost] [info] Skipping acquiring lock for /home/baka/.config/Code/User/workspaceStorage/043f4c9c8f65a67710a156ccffa64329.
[2022-06-13 12:03:08.735] [exthost] [info] ExtensionService#_doActivateExtension ms-python.python, startup: false, activationEvent: 'onLanguage:python'
[2022-06-13 12:03:09.149] [exthost] [info] ExtensionService#_doActivateExtension ms-toolsai.jupyter, startup: false, activationEvent: 'onLanguage:python'
[2022-06-13 12:03:09.787] [exthost] [info] ExtensionService#_doActivateExtension VisualStudioExptTeam.vscodeintellicode, startup: false, activationEvent: 'onLanguage:python'
[2022-06-13 12:03:10.068] [exthost] [info] ExtensionService#_doActivateExtension vscode.debug-auto-launch, startup: true, activationEvent: '*'
[2022-06-13 12:03:10.074] [exthost] [info] ExtensionService#_doActivateExtension vscode.git-base, startup: true, activationEvent: '*', root cause: vscode.git
[2022-06-13 12:03:10.079] [exthost] [info] ExtensionService#_doActivateExtension vscode.ipynb, startup: true, activationEvent: '*'
[2022-06-13 12:03:10.098] [exthost] [info] ExtensionService#_doActivateExtension christian-kohler.path-intellisense, startup: true, activationEvent: '*'
[2022-06-13 12:03:10.123] [exthost] [info] ExtensionService#_doActivateExtension ecmel.vscode-html-css, startup: true, activationEvent: '*'
[2022-06-13 12:03:10.174] [exthost] [info] ExtensionService#_doActivateExtension icrawl.discord-vscode, startup: true, activationEvent: '*'
[2022-06-13 12:03:10.194] [exthost] [info] ExtensionService#_doActivateExtension oderwat.indent-rainbow, startup: true, activationEvent: '*'
[2022-06-13 12:03:10.440] [exthost] [info] ExtensionService#_doActivateExtension vscode.git, startup: true, activationEvent: '*'
[2022-06-13 12:03:10.540] [exthost] [info] ExtensionService#_doActivateExtension vscode.github, startup: true, activationEvent: '*'
[2022-06-13 12:03:11.385] [exthost] [info] Eager extensions activated
[2022-06-13 12:03:11.389] [exthost] [info] ExtensionService#_doActivateExtension ms-python.vscode-pylance, startup: false, activationEvent: 'onLanguage:python'
[2022-06-13 12:03:11.809] [exthost] [info] ExtensionService#_doActivateExtension vscode.emmet, startup: false, activationEvent: 'onStartupFinished'
[2022-06-13 12:03:11.836] [exthost] [info] ExtensionService#_doActivateExtension vscode.merge-conflict, startup: false, activationEvent: 'onStartupFinished'
[2022-06-13 12:03:11.841] [exthost] [info] ExtensionService#_doActivateExtension CoenraadS.bracket-pair-colorizer-2, startup: false, activationEvent: 'onStartupFinished'
[2022-06-13 12:03:11.863] [exthost] [info] ExtensionService#_doActivateExtension ms-vscode-remote.remote-containers, startup: false, activationEvent: 'onStartupFinished'
[2022-06-13 12:03:11.988] [exthost] [info] ExtensionService#_doActivateExtension ms-vscode-remote.remote-wsl, startup: false, activationEvent: 'onStartupFinished'
[2022-06-13 12:03:12.039] [exthost] [info] ExtensionService#_doActivateExtension ritwickdey.LiveServer, startup: false, activationEvent: 'onStartupFinished'
[2022-06-13 12:03:12.281] [exthost] [info] ExtensionService#_doActivateExtension unthrottled.doki-theme, startup: false, activationEvent: 'onStartupFinished'
[2022-06-13 12:03:15.894] [exthost] [info] Extension host terminating: received terminate message from renderer
[2022-06-13 12:03:15.992] [exthost] [info] Extension host with pid 22093 exiting with code 0
[2022-06-13 12:03:18.698] [exthost] [info] Extension host with pid 22246 started
[2022-06-13 12:03:18.698] [exthost] [info] Skipping acquiring lock for /home/baka/.config/Code/User/workspaceStorage/043f4c9c8f65a67710a156ccffa64329.
[2022-06-13 12:03:19.014] [exthost] [info] ExtensionService#_doActivateExtension ms-python.python, startup: false, activationEvent: 'onLanguage:python'
[2022-06-13 12:03:19.450] [exthost] [info] ExtensionService#_doActivateExtension ms-toolsai.jupyter, startup: false, activationEvent: 'onLanguage:python'
[2022-06-13 12:03:20.120] [exthost] [info] ExtensionService#_doActivateExtension VisualStudioExptTeam.vscodeintellicode, startup: false, activationEvent: 'onLanguage:python'
[2022-06-13 12:03:20.334] [exthost] [info] ExtensionService#_doActivateExtension vscode.debug-auto-launch, startup: true, activationEvent: '*'
[2022-06-13 12:03:20.338] [exthost] [info] ExtensionService#_doActivateExtension vscode.git-base, startup: true, activationEvent: '*', root cause: vscode.git
[2022-06-13 12:03:20.343] [exthost] [info] ExtensionService#_doActivateExtension vscode.ipynb, startup: true, activationEvent: '*'
[2022-06-13 12:03:20.364] [exthost] [info] ExtensionService#_doActivateExtension christian-kohler.path-intellisense, startup: true, activationEvent: '*'
[2022-06-13 12:03:20.385] [exthost] [info] ExtensionService#_doActivateExtension ecmel.vscode-html-css, startup: true, activationEvent: '*'
[2022-06-13 12:03:20.436] [exthost] [info] ExtensionService#_doActivateExtension icrawl.discord-vscode, startup: true, activationEvent: '*'
[2022-06-13 12:03:20.455] [exthost] [info] ExtensionService#_doActivateExtension oderwat.indent-rainbow, startup: true, activationEvent: '*'
[2022-06-13 12:03:20.668] [exthost] [info] ExtensionService#_doActivateExtension vscode.git, startup: true, activationEvent: '*'
[2022-06-13 12:03:20.757] [exthost] [info] ExtensionService#_doActivateExtension vscode.github, startup: true, activationEvent: '*'
[2022-06-13 12:03:21.511] [exthost] [info] ExtensionService#_doActivateExtension ms-python.vscode-pylance, startup: false, activationEvent: 'onLanguage:python'
[2022-06-13 12:03:21.897] [exthost] [info] Eager extensions activated
[2022-06-13 12:03:21.987] [exthost] [info] ExtensionService#_doActivateExtension vscode.emmet, startup: false, activationEvent: 'onStartupFinished'
[2022-06-13 12:03:22.017] [exthost] [info] ExtensionService#_doActivateExtension vscode.merge-conflict, startup: false, activationEvent: 'onStartupFinished'
[2022-06-13 12:03:22.023] [exthost] [info] ExtensionService#_doActivateExtension CoenraadS.bracket-pair-colorizer-2, startup: false, activationEvent: 'onStartupFinished'
[2022-06-13 12:03:22.046] [exthost] [info] ExtensionService#_doActivateExtension ms-vscode-remote.remote-containers, startup: false, activationEvent: 'onStartupFinished'
[2022-06-13 12:03:22.165] [exthost] [info] ExtensionService#_doActivateExtension ms-vscode-remote.remote-wsl, startup: false, activationEvent: 'onStartupFinished'
[2022-06-13 12:03:22.215] [exthost] [info] ExtensionService#_doActivateExtension ritwickdey.LiveServer, startup: false, activationEvent: 'onStartupFinished'
[2022-06-13 12:03:22.397] [exthost] [info] ExtensionService#_doActivateExtension unthrottled.doki-theme, startup: false, activationEvent: 'onStartupFinished'
[2022-06-13 12:03:33.709] [exthost] [info] Extension host terminating: received terminate message from renderer
[2022-06-13 12:03:33.764] [exthost] [info] Extension host with pid 22246 exiting with code 0
[2022-06-13 12:03:36.407] [exthost] [info] Extension host with pid 22372 started
[2022-06-13 12:03:36.407] [exthost] [info] Skipping acquiring lock for /home/baka/.config/Code/User/workspaceStorage/95b6db99dff7220217d14f38a13624ae.
[2022-06-13 12:03:36.481] [exthost] [info] ExtensionService#_doActivateExtension vscode.debug-auto-launch, startup: true, activationEvent: '*'
[2022-06-13 12:03:36.485] [exthost] [info] ExtensionService#_doActivateExtension vscode.git-base, startup: true, activationEvent: '*', root cause: vscode.git
[2022-06-13 12:03:36.487] [exthost] [info] ExtensionService#_doActivateExtension vscode.ipynb, startup: true, activationEvent: '*'
[2022-06-13 12:03:36.490] [exthost] [info] ExtensionService#_doActivateExtension christian-kohler.path-intellisense, startup: true, activationEvent: '*'
[2022-06-13 12:03:36.508] [exthost] [info] ExtensionService#_doActivateExtension ecmel.vscode-html-css, startup: true, activationEvent: '*'
[2022-06-13 12:03:36.537] [exthost] [info] ExtensionService#_doActivateExtension icrawl.discord-vscode, startup: true, activationEvent: '*'
[2022-06-13 12:03:36.549] [exthost] [info] ExtensionService#_doActivateExtension oderwat.indent-rainbow, startup: true, activationEvent: '*'
[2022-06-13 12:03:36.590] [exthost] [info] ExtensionService#_doActivateExtension vscode.git, startup: true, activationEvent: '*'
[2022-06-13 12:03:36.622] [exthost] [info] ExtensionService#_doActivateExtension vscode.github, startup: true, activationEvent: '*'
[2022-06-13 12:03:37.535] [exthost] [info] ExtensionService#_doActivateExtension vscode.html-language-features, startup: false, activationEvent: 'onLanguage:html'
[2022-06-13 12:03:40.908] [exthost] [info] Eager extensions activated
[2022-06-13 12:03:40.930] [exthost] [info] ExtensionService#_doActivateExtension vscode.emmet, startup: false, activationEvent: 'onStartupFinished'
[2022-06-13 12:03:40.964] [exthost] [info] ExtensionService#_doActivateExtension vscode.merge-conflict, startup: false, activationEvent: 'onStartupFinished'
[2022-06-13 12:03:40.968] [exthost] [info] ExtensionService#_doActivateExtension CoenraadS.bracket-pair-colorizer-2, startup: false, activationEvent: 'onStartupFinished'
[2022-06-13 12:03:41.000] [exthost] [info] ExtensionService#_doActivateExtension ms-vscode-remote.remote-containers, startup: false, activationEvent: 'onStartupFinished'
[2022-06-13 12:03:41.198] [exthost] [info] ExtensionService#_doActivateExtension ms-vscode-remote.remote-wsl, startup: false, activationEvent: 'onStartupFinished'
[2022-06-13 12:03:41.204] [exthost] [info] ExtensionService#_doActivateExtension ritwickdey.LiveServer, startup: false, activationEvent: 'onStartupFinished'
[2022-06-13 12:03:41.331] [exthost] [info] ExtensionService#_doActivateExtension unthrottled.doki-theme, startup: false, activationEvent: 'onStartupFinished'
[2022-06-13 12:03:46.106] [exthost] [info] ExtensionService#_doActivateExtension vscode.css-language-features, startup: false, activationEvent: 'onLanguage:css'
[2022-06-13 12:03:46.176] [exthost] [info] ExtensionService#_doActivateExtension aeschli.vscode-css-formatter, startup: false, activationEvent: 'onLanguage:css'
[2022-06-13 12:04:01.101] [exthost] [info] ExtensionService#_doActivateExtension vscode.microsoft-authentication, startup: false, activationEvent: 'onAuthenticationRequest:microsoft'
[2022-06-13 12:04:26.287] [exthost] [info] ExtensionService#_doActivateExtension vscode.github-authentication, startup: false, activationEvent: 'onAuthenticationRequest:github'
[2022-06-13 12:05:36.212] [exthost] [error] [ecmel.vscode-html-css] provider FAILED
[2022-06-13 12:05:36.212] [exthost] [error] undefined
[2022-06-13 12:05:46.235] [exthost] [error] [ecmel.vscode-html-css] provider FAILED
[2022-06-13 12:05:46.235] [exthost] [error] undefined
[2022-06-13 12:05:54.950] [exthost] [error] [ecmel.vscode-html-css] provider FAILED
[2022-06-13 12:05:54.950] [exthost] [error] undefined
[2022-06-13 12:05:57.776] [exthost] [error] [ecmel.vscode-html-css] provider FAILED
[2022-06-13 12:05:57.777] [exthost] [error] undefined
[2022-06-13 12:06:00.923] [exthost] [error] [ecmel.vscode-html-css] provider FAILED
[2022-06-13 12:06:00.923] [exthost] [error] undefined
[2022-06-13 12:06:02.493] [exthost] [error] [ecmel.vscode-html-css] provider FAILED
[2022-06-13 12:06:02.493] [exthost] [error] undefined
[2022-06-13 12:06:03.085] [exthost] [error] [ecmel.vscode-html-css] provider FAILED
[2022-06-13 12:06:03.085] [exthost] [error] undefined
[2022-06-13 12:06:07.192] [exthost] [error] [ecmel.vscode-html-css] provider FAILED
[2022-06-13 12:06:07.192] [exthost] [error] undefined
[2022-06-13 12:15:24.601] [exthost] [error] [ecmel.vscode-html-css] provider FAILED
[2022-06-13 12:15:24.601] [exthost] [error] undefined
[2022-06-13 12:15:25.086] [exthost] [error] [ecmel.vscode-html-css] provider FAILED
[2022-06-13 12:15:25.087] [exthost] [error] undefined
[2022-06-13 12:15:25.629] [exthost] [error] [ecmel.vscode-html-css] provider FAILED
[2022-06-13 12:15:25.629] [exthost] [error] undefined
[2022-06-13 12:15:25.810] [exthost] [error] [ecmel.vscode-html-css] provider FAILED
[2022-06-13 12:15:25.810] [exthost] [error] undefined
[2022-06-13 12:15:25.973] [exthost] [error] [ecmel.vscode-html-css] provider FAILED
[2022-06-13 12:15:25.973] [exthost] [error] undefined
[2022-06-13 12:15:26.062] [exthost] [error] [ecmel.vscode-html-css] provider FAILED
[2022-06-13 12:15:26.062] [exthost] [error] undefined
[2022-06-13 12:15:26.365] [exthost] [error] [ecmel.vscode-html-css] provider FAILED
[2022-06-13 12:15:26.365] [exthost] [error] undefined
[2022-06-13 12:15:27.320] [exthost] [error] [ecmel.vscode-html-css] provider FAILED
[2022-06-13 12:15:27.320] [exthost] [error] undefined
[2022-06-13 12:15:27.928] [exthost] [error] [ecmel.vscode-html-css] provider FAILED
[2022-06-13 12:15:27.928] [exthost] [error] undefined
[2022-06-13 12:15:28.751] [exthost] [error] [ecmel.vscode-html-css] provider FAILED
[2022-06-13 12:15:28.751] [exthost] [error] undefined
[2022-06-13 12:15:30.497] [exthost] [error] [ecmel.vscode-html-css] provider FAILED
[2022-06-13 12:15:30.497] [exthost] [error] undefined
[2022-06-13 12:15:31.279] [exthost] [error] [ecmel.vscode-html-css] provider FAILED
[2022-06-13 12:15:31.284] [exthost] [error] undefined
[2022-06-13 12:15:31.905] [exthost] [error] [ecmel.vscode-html-css] provider FAILED
[2022-06-13 12:15:31.905] [exthost] [error] undefined
[2022-06-13 12:15:36.001] [exthost] [error] [ecmel.vscode-html-css] provider FAILED
[2022-06-13 12:15:36.001] [exthost] [error] undefined
[2022-06-13 12:15:36.983] [exthost] [error] [ecmel.vscode-html-css] provider FAILED
[2022-06-13 12:15:36.983] [exthost] [error] undefined
[2022-06-13 15:29:59.961] [exthost] [error] [ecmel.vscode-html-css] provider FAILED
[2022-06-13 15:29:59.969] [exthost] [error] undefined
[2022-06-13 15:30:00.605] [exthost] [error] [ecmel.vscode-html-css] provider FAILED
[2022-06-13 15:30:00.605] [exthost] [error] undefined
[2022-06-13 15:30:00.791] [exthost] [error] [ecmel.vscode-html-css] provider FAILED
[2022-06-13 15:30:00.791] [exthost] [error] undefined
[2022-06-13 15:30:00.963] [exthost] [error] [ecmel.vscode-html-css] provider FAILED
[2022-06-13 15:30:00.963] [exthost] [error] undefined
[2022-06-13 15:30:01.098] [exthost] [error] [ecmel.vscode-html-css] provider FAILED
[2022-06-13 15:30:01.098] [exthost] [error] undefined
[2022-06-13 15:30:06.256] [exthost] [info] ExtensionService#_doActivateExtension vscode.configuration-editing, startup: false, activationEvent: 'onLanguage:jsonc'
[2022-06-13 15:30:06.273] [exthost] [info] ExtensionService#_doActivateExtension vscode.json-language-features, startup: false, activationEvent: 'onLanguage:jsonc'
[2022-06-13 15:30:06.381] [exthost] [info] ExtensionService#_doActivateExtension vscode.typescript-language-features, startup: false, activationEvent: 'onLanguage:jsonc'
[2022-06-13 15:30:39.937] [exthost] [error] [ecmel.vscode-html-css] provider FAILED
[2022-06-13 15:30:39.937] [exthost] [error] undefined
[2022-06-13 15:30:55.298] [exthost] [error] [ecmel.vscode-html-css] provider FAILED
[2022-06-13 15:30:55.298] [exthost] [error] undefined
[2022-06-13 15:30:57.010] [exthost] [error] [ecmel.vscode-html-css] provider FAILED
[2022-06-13 15:30:57.010] [exthost] [error] undefined
[2022-06-13 15:30:57.451] [exthost] [error] [ecmel.vscode-html-css] provider FAILED
[2022-06-13 15:30:57.451] [exthost] [error] undefined
[2022-06-13 15:30:59.508] [exthost] [error] [ecmel.vscode-html-css] provider FAILED
[2022-06-13 15:30:59.508] [exthost] [error] undefined
[2022-06-13 15:30:59.884] [exthost] [error] [ecmel.vscode-html-css] provider FAILED
[2022-06-13 15:30:59.884] [exthost] [error] undefined
[2022-06-13 15:31:31.984] [exthost] [error] [ecmel.vscode-html-css] provider FAILED
[2022-06-13 15:31:31.985] [exthost] [error] undefined
[2022-06-13 15:31:32.459] [exthost] [error] [ecmel.vscode-html-css] provider FAILED
[2022-06-13 15:31:32.459] [exthost] [error] undefined
[2022-06-13 15:31:33.166] [exthost] [error] [ecmel.vscode-html-css] provider FAILED
[2022-06-13 15:31:33.166] [exthost] [error] undefined
[2022-06-13 15:31:33.497] [exthost] [error] [ecmel.vscode-html-css] provider FAILED
[2022-06-13 15:31:33.497] [exthost] [error] undefined
[2022-06-13 15:31:33.684] [exthost] [error] [ecmel.vscode-html-css] provider FAILED
[2022-06-13 15:31:33.684] [exthost] [error] undefined
[2022-06-13 15:31:33.865] [exthost] [error] [ecmel.vscode-html-css] provider FAILED
[2022-06-13 15:31:33.865] [exthost] [error] undefined
[2022-06-13 15:31:33.998] [exthost] [error] [ecmel.vscode-html-css] provider FAILED
[2022-06-13 15:31:33.998] [exthost] [error] undefined
[2022-06-13 15:31:34.223] [exthost] [error] [ecmel.vscode-html-css] provider FAILED
[2022-06-13 15:31:34.223] [exthost] [error] undefined
[2022-06-13 15:31:34.353] [exthost] [error] [ecmel.vscode-html-css] provider FAILED
[2022-06-13 15:31:34.353] [exthost] [error] undefined
[2022-06-13 15:31:36.330] [exthost] [error] [ecmel.vscode-html-css] provider FAILED
[2022-06-13 15:31:36.330] [exthost] [error] undefined
[2022-06-13 15:31:40.584] [exthost] [error] [ecmel.vscode-html-css] provider FAILED
[2022-06-13 15:31:40.584] [exthost] [error] undefined
[2022-06-13 15:31:41.225] [exthost] [error] [ecmel.vscode-html-css] provider FAILED
[2022-06-13 15:31:41.225] [exthost] [error] undefined
[2022-06-13 15:31:41.620] [exthost] [error] [ecmel.vscode-html-css] provider FAILED
[2022-06-13 15:31:41.620] [exthost] [error] undefined
[2022-06-13 15:31:41.780] [exthost] [error] [ecmel.vscode-html-css] provider FAILED
[2022-06-13 15:31:41.780] [exthost] [error] undefined
[2022-06-13 15:31:42.088] [exthost] [error] [ecmel.vscode-html-css] provider FAILED
[2022-06-13 15:31:42.088] [exthost] [error] undefined
[2022-06-13 19:11:23.030] [exthost] [info] Extension host terminating: received terminate message from renderer
[2022-06-13 19:11:23.097] [exthost] [info] Extension host with pid 22372 exiting with code 0
