[2022-06-13 12:03:06.585] [renderer1] [critical] Extension 'ms-toolsai.jupyter' appears in product.json but enables LESS API proposals than the extension wants.
package.json (LOSES): notebookControllerKind, notebookDebugOptions, notebookDeprecated, notebookEditor, notebookEditorDecorationType, notebookEditorEdit, notebookMessaging, notebookMime, notebookCellExecutionState, portsAttributes, quickPickSortByLabel
product.json (WINS): notebookControllerKind, notebookDebugOptions, notebookDeprecated, notebookEditor, notebookEditorDecorationType, notebookWorkspaceEdit, notebookMessaging, notebookMime, notebookCellExecutionState, portsAttributes, quickPickSortByLabel
[2022-06-13 12:03:06.646] [renderer1] [warning] [twxs.cmake]: Cannot register 'cmake.cmakePath'. This property is already registered.
[2022-06-13 12:03:17.798] [renderer1] [critical] Extension 'ms-toolsai.jupyter' appears in product.json but enables LESS API proposals than the extension wants.
package.json (LOSES): notebookControllerKind, notebookDebugOptions, notebookDeprecated, notebookEditor, notebookEditorDecorationType, notebookEditorEdit, notebookMessaging, notebookMime, notebookCellExecutionState, portsAttributes, quickPickSortByLabel
product.json (WINS): notebookControllerKind, notebookDebugOptions, notebookDeprecated, notebookEditor, notebookEditorDecorationType, notebookWorkspaceEdit, notebookMessaging, notebookMime, notebookCellExecutionState, portsAttributes, quickPickSortByLabel
[2022-06-13 12:03:17.839] [renderer1] [warning] [twxs.cmake]: Cannot register 'cmake.cmakePath'. This property is already registered.
[2022-06-13 12:03:35.699] [renderer1] [critical] Extension 'ms-toolsai.jupyter' appears in product.json but enables LESS API proposals than the extension wants.
package.json (LOSES): notebookControllerKind, notebookDebugOptions, notebookDeprecated, notebookEditor, notebookEditorDecorationType, notebookEditorEdit, notebookMessaging, notebookMime, notebookCellExecutionState, portsAttributes, quickPickSortByLabel
product.json (WINS): notebookControllerKind, notebookDebugOptions, notebookDeprecated, notebookEditor, notebookEditorDecorationType, notebookWorkspaceEdit, notebookMessaging, notebookMime, notebookCellExecutionState, portsAttributes, quickPickSortByLabel
[2022-06-13 12:03:35.748] [renderer1] [warning] [twxs.cmake]: Cannot register 'cmake.cmakePath'. This property is already registered.
[2022-06-13 12:05:36.215] [renderer1] [error] An unknown error occurred. Please consult the log for more details.
[2022-06-13 12:05:46.238] [renderer1] [error] An unknown error occurred. Please consult the log for more details.
[2022-06-13 12:05:54.952] [renderer1] [error] An unknown error occurred. Please consult the log for more details.
[2022-06-13 12:05:57.778] [renderer1] [error] An unknown error occurred. Please consult the log for more details.
[2022-06-13 12:06:00.924] [renderer1] [error] An unknown error occurred. Please consult the log for more details.
[2022-06-13 12:06:02.494] [renderer1] [error] An unknown error occurred. Please consult the log for more details.
[2022-06-13 12:06:07.194] [renderer1] [error] An unknown error occurred. Please consult the log for more details.
[2022-06-13 12:15:24.603] [renderer1] [error] An unknown error occurred. Please consult the log for more details.
[2022-06-13 12:15:25.630] [renderer1] [error] An unknown error occurred. Please consult the log for more details.
[2022-06-13 12:15:27.323] [renderer1] [error] An unknown error occurred. Please consult the log for more details.
[2022-06-13 12:15:28.753] [renderer1] [error] An unknown error occurred. Please consult the log for more details.
[2022-06-13 12:15:30.498] [renderer1] [error] An unknown error occurred. Please consult the log for more details.
[2022-06-13 12:15:31.907] [renderer1] [error] An unknown error occurred. Please consult the log for more details.
[2022-06-13 12:15:36.002] [renderer1] [error] An unknown error occurred. Please consult the log for more details.
[2022-06-13 15:29:59.981] [renderer1] [error] An unknown error occurred. Please consult the log for more details.
[2022-06-13 15:30:01.103] [renderer1] [error] An unknown error occurred. Please consult the log for more details.
[2022-06-13 15:30:39.939] [renderer1] [error] An unknown error occurred. Please consult the log for more details.
[2022-06-13 15:30:55.300] [renderer1] [error] An unknown error occurred. Please consult the log for more details.
[2022-06-13 15:30:57.012] [renderer1] [error] An unknown error occurred. Please consult the log for more details.
[2022-06-13 15:30:59.510] [renderer1] [error] An unknown error occurred. Please consult the log for more details.
[2022-06-13 15:31:31.987] [renderer1] [error] An unknown error occurred. Please consult the log for more details.
[2022-06-13 15:31:33.168] [renderer1] [error] An unknown error occurred. Please consult the log for more details.
[2022-06-13 15:31:34.235] [renderer1] [error] An unknown error occurred. Please consult the log for more details.
[2022-06-13 15:31:36.333] [renderer1] [error] An unknown error occurred. Please consult the log for more details.
[2022-06-13 15:31:40.585] [renderer1] [error] An unknown error occurred. Please consult the log for more details.
[2022-06-13 15:31:41.621] [renderer1] [error] An unknown error occurred. Please consult the log for more details.
