[2022-06-09T12:07:54.910Z] Validating found git in: git
[2022-06-09T12:07:54.996Z] Using git  from git
[2022-06-09T12:07:55.018Z] > git rev-parse --show-toplevel [14ms]
[2022-06-09T12:07:55.034Z] > git rev-parse --git-dir --git-common-dir [5ms]
[2022-06-09T12:07:55.039Z] Open repository: /home/baka/code/ed-analytics.py
[2022-06-09T12:07:55.052Z] > git status -z -uall [5ms]
[2022-06-09T12:07:55.062Z] > git symbolic-ref --short HEAD [1ms]
[2022-06-09T12:07:55.116Z] > git for-each-ref --format=%(refname)%00%(upstream:short)%00%(objectname)%00%(upstream:track)%00%(upstream:remotename)%00%(upstream:remoteref) refs/heads/testing refs/remotes/testing [47ms]
[2022-06-09T12:07:55.458Z] > git remote --verbose [327ms]
[2022-06-09T12:07:55.459Z] > git for-each-ref --sort -committerdate --format %(refname) %(objectname) %(*objectname) [336ms]
[2022-06-09T12:07:55.527Z] > git config --get commit.template [45ms]
[2022-06-09T12:07:55.545Z] > git show --textconv :README.md [10ms]
[2022-06-09T12:07:55.546Z] > git ls-files --stage -- /home/baka/code/ed-analytics.py/README.md [3ms]
[2022-06-09T12:07:55.569Z] > git cat-file -s 193ccf78d270f98d8aa9448fda146df0f2bc4c92 [17ms]
[2022-06-09T12:07:56.017Z] > git check-ignore -v -z --stdin [4ms]
[2022-06-09T12:09:18.711Z] > git show --textconv :setup.py [870ms]
[2022-06-09T12:09:18.711Z] > git ls-files --stage -- /home/baka/code/ed-analytics.py/setup.py [849ms]
[2022-06-09T12:09:18.743Z] > git cat-file -s edbd20daad2d9422bd2e51cb9ef719f63a7600be [18ms]
[2022-06-09T12:09:21.298Z] > git check-ignore -v -z --stdin [3ms]
[2022-06-09T12:09:22.810Z] > git show --textconv :ed_analytics/utils.py [38ms]
[2022-06-09T12:09:22.814Z] > git ls-files --stage -- /home/baka/code/ed-analytics.py/ed_analytics/utils.py [14ms]
[2022-06-09T12:09:22.849Z] > git cat-file -s 7be3d20246f6bb0f7409868e251bc29a610a8488 [7ms]
[2022-06-09T12:09:23.822Z] > git show --textconv :ed_analytics/github.py [21ms]
[2022-06-09T12:09:23.823Z] > git ls-files --stage -- /home/baka/code/ed-analytics.py/ed_analytics/github.py [2ms]
[2022-06-09T12:09:23.841Z] > git cat-file -s a1c97f2083aaa463dd2664f59f298186f9a1192c [4ms]
[2022-06-09T12:11:03.990Z] > git status -z -uall [1ms]
[2022-06-09T12:11:03.998Z] > git symbolic-ref --short HEAD [1ms]
[2022-06-09T12:11:04.012Z] > git for-each-ref --format=%(refname)%00%(upstream:short)%00%(objectname)%00%(upstream:track)%00%(upstream:remotename)%00%(upstream:remoteref) refs/heads/testing refs/remotes/testing [2ms]
[2022-06-09T12:11:04.026Z] > git for-each-ref --sort -committerdate --format %(refname) %(objectname) %(*objectname) [8ms]
[2022-06-09T12:11:04.027Z] > git remote --verbose [2ms]
[2022-06-09T12:11:04.042Z] > git config --get commit.template [1ms]
[2022-06-09T13:26:46.645Z] > git status -z -uall [3ms]
[2022-06-09T13:26:46.661Z] > git symbolic-ref --short HEAD [1ms]
[2022-06-09T13:26:46.678Z] > git for-each-ref --format=%(refname)%00%(upstream:short)%00%(objectname)%00%(upstream:track)%00%(upstream:remotename)%00%(upstream:remoteref) refs/heads/testing refs/remotes/testing [2ms]
[2022-06-09T13:26:46.708Z] > git remote --verbose [5ms]
[2022-06-09T13:26:46.710Z] > git for-each-ref --sort -committerdate --format %(refname) %(objectname) %(*objectname) [21ms]
[2022-06-09T13:26:46.737Z] > git config --get commit.template [7ms]
[2022-06-10T09:45:28.843Z] > git status -z -uall [3ms]
[2022-06-10T09:45:28.856Z] > git symbolic-ref --short HEAD [2ms]
[2022-06-10T09:45:28.872Z] > git for-each-ref --format=%(refname)%00%(upstream:short)%00%(objectname)%00%(upstream:track)%00%(upstream:remotename)%00%(upstream:remoteref) refs/heads/testing refs/remotes/testing [3ms]
[2022-06-10T09:45:28.895Z] > git for-each-ref --sort -committerdate --format %(refname) %(objectname) %(*objectname) [14ms]
[2022-06-10T09:45:28.896Z] > git remote --verbose [2ms]
[2022-06-10T09:45:28.914Z] > git config --get commit.template [2ms]
[2022-06-10T09:45:42.470Z] > git add -A -- . [10ms]
[2022-06-10T09:45:42.485Z] > git -c user.useConfigOnly=true commit --quiet --allow-empty-message --file - [6ms]
[2022-06-10T09:45:42.496Z] > git status -z -uall [2ms]
[2022-06-10T09:45:42.506Z] > git symbolic-ref --short HEAD [1ms]
[2022-06-10T09:45:42.515Z] > git for-each-ref --format=%(refname)%00%(upstream:short)%00%(objectname)%00%(upstream:track)%00%(upstream:remotename)%00%(upstream:remoteref) refs/heads/testing refs/remotes/testing [2ms]
[2022-06-10T09:45:42.532Z] > git for-each-ref --sort -committerdate --format %(refname) %(objectname) %(*objectname) [7ms]
[2022-06-10T09:45:42.533Z] > git remote --verbose [2ms]
[2022-06-10T09:45:42.550Z] > git config --get commit.template [1ms]
[2022-06-10T09:45:42.562Z] > git config --get commit.template [1ms]
[2022-06-10T09:45:43.682Z] > git ls-files --stage -- /home/baka/code/ed-analytics.py/ed_analytics/github.py [4ms]
[2022-06-10T09:45:43.707Z] > git cat-file -s 154b11fb9609fb2847ee36ad4ae891168cbc9e40 [3ms]
[2022-06-10T09:45:43.732Z] > git show --textconv :ed_analytics/github.py [4ms]
[2022-06-10T09:45:44.714Z] > git log --oneline --cherry testing...testing@{upstream} -- [6ms]
[2022-06-10T09:45:45.456Z] > git pull --tags origin testing [729ms]
[2022-06-10T09:45:45.456Z] From https://github.com/imryanide/ed-analytics.py
 * branch            testing    -> FETCH_HEAD
[2022-06-10T09:46:01.697Z] > git ls-files --stage -- /home/baka/code/ed-analytics.py/ed_analytics/github.py [3ms]
[2022-06-10T09:46:01.713Z] > git cat-file -s 154b11fb9609fb2847ee36ad4ae891168cbc9e40 [2ms]
[2022-06-10T09:46:01.734Z] > git show --textconv :ed_analytics/github.py [2ms]
[2022-06-10T09:46:27.905Z] > git push origin testing:testing [42419ms]
[2022-06-10T09:46:27.905Z] To https://github.com/imryanide/ed-analytics.py.git
   87df5c1..598b2a1  testing -> testing
[2022-06-10T09:46:27.959Z] > git status -z -uall [17ms]
[2022-06-10T09:46:28.000Z] > git symbolic-ref --short HEAD [8ms]
[2022-06-10T09:46:28.036Z] > git for-each-ref --format=%(refname)%00%(upstream:short)%00%(objectname)%00%(upstream:track)%00%(upstream:remotename)%00%(upstream:remoteref) refs/heads/testing refs/remotes/testing [4ms]
[2022-06-10T09:46:28.083Z] > git for-each-ref --sort -committerdate --format %(refname) %(objectname) %(*objectname) [26ms]
[2022-06-10T09:46:28.084Z] > git remote --verbose [7ms]
[2022-06-10T09:46:28.109Z] > git config --get commit.template [4ms]
[2022-06-10T10:13:10.912Z] > git ls-files --stage -- /home/baka/code/ed-analytics.py/ed_analytics/github.py [1ms]
[2022-06-10T10:13:10.923Z] > git cat-file -s 154b11fb9609fb2847ee36ad4ae891168cbc9e40 [2ms]
[2022-06-10T10:13:10.938Z] > git show --textconv :ed_analytics/github.py [3ms]
[2022-06-11T12:56:02.939Z] > git status -z -uall [5ms]
[2022-06-11T12:56:02.969Z] > git symbolic-ref --short HEAD [4ms]
[2022-06-11T12:56:02.992Z] > git for-each-ref --format=%(refname)%00%(upstream:short)%00%(objectname)%00%(upstream:track)%00%(upstream:remotename)%00%(upstream:remoteref) refs/heads/testing refs/remotes/testing [3ms]
[2022-06-11T12:56:03.023Z] > git for-each-ref --sort -committerdate --format %(refname) %(objectname) %(*objectname) [13ms]
[2022-06-11T12:56:03.023Z] > git remote --verbose [2ms]
[2022-06-11T12:56:03.035Z] > git config --get commit.template [2ms]
