[Info  - 12:38:43.0] Reading sessions from keychain...
[Info  - 12:38:43.15] Getting sessions for user:email...
[Info  - 12:38:43.15] Getting sessions for all scopes...
[Info  - 12:38:50.400] Got 0 sessions for user:email...
[Info  - 12:38:50.400] Got 0 sessions for ...
[Info  - 09:15:46.144] Getting sessions for repo,workflow...
[Info  - 09:15:46.144] Got 0 sessions for repo,workflow...
[Info  - 09:15:49.671] Logging in for the following scopes: repo workflow
[Info  - 09:15:49.684] Trying without local server... (repo workflow)
[Trace  - 09:16:00.345] Handling Uri...
[Info  - 09:16:00.346] Exchanging code for token...
[Info  - 09:16:01.209] Token exchange success!
[Info  - 09:16:01.211] Getting user info...
[Info  - 09:16:01.738] Got account info!
[Info  - 09:16:01.740] Storing 1 sessions...
[Error  - 09:16:26.869] Setting token failed: Error: Error calling StartServiceByName for org.freedesktop.secrets: Timeout was reached
[Info  - 09:16:26.869] Stored 1 sessions!
[Info  - 09:16:26.869] Login success!
[Info  - 09:16:26.876] Getting sessions for user:email...
[Info  - 09:16:26.876] Got 0 sessions for user:email...
