[2022-06-14T16:08:43.033Z] Log level: Info
[2022-06-14T16:08:43.034Z] [info] Validating found git in: git
[2022-06-14T16:08:43.084Z] [info] Using git 2.36.1 from git
[2022-06-14T16:08:43.138Z] > git rev-parse --show-toplevel [12ms]
[2022-06-14T16:08:43.148Z] > git rev-parse --git-dir --git-common-dir [3ms]
[2022-06-14T16:08:43.152Z] [info] Open repository: /home/baka/code/imryanide.github.io
[2022-06-14T16:08:43.176Z] > git status -z -uall [16ms]
[2022-06-14T16:08:43.192Z] > git symbolic-ref --short HEAD [2ms]
[2022-06-14T16:08:43.205Z] > git for-each-ref --format=%(refname)%00%(upstream:short)%00%(objectname)%00%(upstream:track)%00%(upstream:remotename)%00%(upstream:remoteref) refs/heads/prod refs/remotes/prod [8ms]
[2022-06-14T16:08:43.336Z] > git for-each-ref --sort -committerdate --format %(refname) %(objectname) %(*objectname) [101ms]
[2022-06-14T16:08:43.337Z] > git remote --verbose [92ms]
[2022-06-14T16:08:43.349Z] > git config --get commit.template [2ms]
[2022-06-14T16:08:44.342Z] > git check-ignore -v -z --stdin [61ms]
[2022-06-14T16:08:44.368Z] > git show --textconv :index.html [11ms]
[2022-06-14T16:08:44.369Z] > git ls-files --stage -- /home/baka/code/imryanide.github.io/index.html [4ms]
[2022-06-14T16:08:44.429Z] > git cat-file -s a3169bb78c854468cc2717877fac404b765c661e [53ms]
[2022-06-14T16:17:45.139Z] > git status -z -uall [6ms]
[2022-06-14T16:17:45.151Z] > git symbolic-ref --short HEAD [2ms]
[2022-06-14T16:17:45.160Z] > git for-each-ref --format=%(refname)%00%(upstream:short)%00%(objectname)%00%(upstream:track)%00%(upstream:remotename)%00%(upstream:remoteref) refs/heads/prod refs/remotes/prod [2ms]
[2022-06-14T16:17:45.175Z] > git remote --verbose [3ms]
[2022-06-14T16:17:45.176Z] > git for-each-ref --sort -committerdate --format %(refname) %(objectname) %(*objectname) [10ms]
[2022-06-14T16:17:45.191Z] > git config --get commit.template [1ms]
[2022-06-14T16:18:08.117Z] > git status -z -uall [3ms]
[2022-06-14T16:18:08.127Z] > git symbolic-ref --short HEAD [2ms]
[2022-06-14T16:18:08.143Z] > git for-each-ref --format=%(refname)%00%(upstream:short)%00%(objectname)%00%(upstream:track)%00%(upstream:remotename)%00%(upstream:remoteref) refs/heads/prod refs/remotes/prod [3ms]
[2022-06-14T16:18:08.158Z] > git for-each-ref --sort -committerdate --format %(refname) %(objectname) %(*objectname) [6ms]
[2022-06-14T16:18:08.158Z] > git remote --verbose [2ms]
[2022-06-14T16:18:08.169Z] > git config --get commit.template [1ms]
[2022-06-14T16:36:55.516Z] > git show --textconv :css/light-index.css [8ms]
[2022-06-14T16:36:55.519Z] > git ls-files --stage -- /home/baka/code/imryanide.github.io/css/light-index.css [3ms]
[2022-06-14T16:36:55.528Z] > git cat-file -s 250dd01ac83a98e8b3650709b57da2f1c4ca8161 [3ms]
[2022-06-14T17:06:26.906Z] > git status -z -uall [2ms]
[2022-06-14T17:06:26.912Z] > git symbolic-ref --short HEAD [1ms]
[2022-06-14T17:06:26.920Z] > git for-each-ref --format=%(refname)%00%(upstream:short)%00%(objectname)%00%(upstream:track)%00%(upstream:remotename)%00%(upstream:remoteref) refs/heads/prod refs/remotes/prod [2ms]
[2022-06-14T17:06:26.931Z] > git remote --verbose [2ms]
[2022-06-14T17:06:26.932Z] > git for-each-ref --sort -committerdate --format %(refname) %(objectname) %(*objectname) [7ms]
[2022-06-14T17:06:26.944Z] > git config --get commit.template [3ms]
