[2022-05-17T06:08:35.258Z] Validating found git in: git
[2022-05-17T06:08:35.292Z] Using git 2.36.1 from git
[2022-05-17T06:08:35.306Z] > git rev-parse --show-toplevel [5ms]
[2022-05-17T06:08:35.330Z] > git rev-parse --git-dir --git-common-dir [12ms]
[2022-05-17T06:08:35.339Z] Open repository: /home/baka/code/button
[2022-05-17T06:08:35.623Z] > git status -z -uall [270ms]
[2022-05-17T06:08:35.647Z] > git symbolic-ref --short HEAD [19ms]
[2022-05-17T06:08:35.655Z] > git for-each-ref --format=%(refname)%00%(upstream:short)%00%(objectname)%00%(upstream:track)%00%(upstream:remotename)%00%(upstream:remoteref) refs/heads/master refs/remotes/master [2ms]
[2022-05-17T06:08:35.677Z] > git remote --verbose [10ms]
[2022-05-17T06:08:35.678Z] > git for-each-ref --sort -committerdate --format %(refname) %(objectname) %(*objectname) [16ms]
[2022-05-17T06:08:35.719Z] > git config --get commit.template [25ms]
[2022-05-17T06:08:36.130Z] > git check-ignore -v -z --stdin [3ms]
[2022-05-17T06:09:04.135Z] > git check-ignore -v -z --stdin [4ms]
[2022-05-17T06:09:05.566Z] > git show --textconv :src/App.js [76ms]
[2022-05-17T06:09:05.566Z] > git ls-files --stage -- /home/baka/code/button/src/App.js [56ms]
[2022-05-17T06:09:05.593Z] > git cat-file -s ce0d372714706b7114cea095c331b67dc8d813ac [9ms]
[2022-05-17T06:09:07.315Z] > git show --textconv :src/App.test.js [32ms]
[2022-05-17T06:09:07.338Z] > git ls-files --stage -- /home/baka/code/button/src/App.test.js [24ms]
[2022-05-17T06:09:07.357Z] > git cat-file -s 1f03afeece5ac28064fa3c73a29215037465f789 [3ms]
[2022-05-17T06:30:17.065Z] > git show --textconv :src/App.css [36ms]
[2022-05-17T06:30:17.075Z] > git ls-files --stage -- /home/baka/code/button/src/App.css [12ms]
[2022-05-17T06:30:17.104Z] > git cat-file -s 74b5e053450a48a6bdb4d71aad648e7af821975c [3ms]
[2022-05-17T06:30:19.572Z] > git show --textconv :src/App.js [14ms]
[2022-05-17T06:30:19.573Z] > git ls-files --stage -- /home/baka/code/button/src/App.js [2ms]
[2022-05-17T06:30:19.587Z] > git cat-file -s ce0d372714706b7114cea095c331b67dc8d813ac [2ms]
