--------------------------------------------------------------------------------
[May 12, 2022, 3:09:34.7 PM:ERROR:logging_util.cc(105)] Network error (net::ERR_CERT_AUTHORITY_INVALID)
[May 12, 2022, 3:09:34.7 PM:ERROR:get_available.cc(69)] Unexpected HTTP status: -1
[May 12, 2022, 3:09:34.7 PM:ERROR:logging_util.cc(105)] Network error (net::ERR_CERT_AUTHORITY_INVALID)
[May 12, 2022, 3:09:34.7 PM:ERROR:post_wallet_brave.cc(46)] Unexpected HTTP status: -1
[May 12, 2022, 3:09:34.7 PM:ERROR:rewards_service_impl.cc(3451)] Failed to create a wallet
[May 12, 2022, 3:09:34.7 PM:ERROR:logging_util.cc(105)] Network error (net::ERR_CERT_AUTHORITY_INVALID)
[May 12, 2022, 3:09:34.7 PM:ERROR:get_available.cc(69)] Unexpected HTTP status: -1
[May 12, 2022, 3:09:34.7 PM:ERROR:logging_util.cc(105)] Network error (net::ERR_CERT_AUTHORITY_INVALID)
[May 12, 2022, 3:09:34.7 PM:ERROR:get_prefix_list.cc(33)] Unexpected HTTP status: -1
[May 12, 2022, 3:09:34.7 PM:ERROR:get_prefix_list.cc(58)] Invalid server response for publisher prefix list
[May 12, 2022, 3:09:34.7 PM:ERROR:publisher_prefix_list_updater.cc(77)] Invalid server response for publisher prefix list
[May 12, 2022, 3:09:34.7 PM:ERROR:logging_util.cc(105)] Network error (net::ERR_CERT_AUTHORITY_INVALID)
[May 12, 2022, 3:09:34.7 PM:ERROR:get_parameters.cc(53)] Unexpected HTTP status: -1
[May 12, 2022, 3:09:34.8 PM:ERROR:logging_util.cc(105)] Network error (net::ERR_CERT_AUTHORITY_INVALID)
[May 12, 2022, 3:09:34.8 PM:ERROR:get_parameters.cc(53)] Unexpected HTTP status: -1
[May 12, 2022, 3:09:44.7 PM:ERROR:logging_util.cc(105)] Network error (net::ERR_CERT_AUTHORITY_INVALID)
[May 12, 2022, 3:09:44.7 PM:ERROR:get_prefix_list.cc(33)] Unexpected HTTP status: -1
[May 12, 2022, 3:09:44.7 PM:ERROR:get_prefix_list.cc(58)] Invalid server response for publisher prefix list
[May 12, 2022, 3:09:44.7 PM:ERROR:publisher_prefix_list_updater.cc(77)] Invalid server response for publisher prefix list
[May 12, 2022, 3:09:51.2 PM:ERROR:logging_util.cc(105)] Network error (net::ERR_CERT_AUTHORITY_INVALID)
[May 12, 2022, 3:09:51.2 PM:ERROR:get_parameters.cc(53)] Unexpected HTTP status: -1
[May 12, 2022, 3:10:21.2 PM:ERROR:logging_util.cc(105)] Network error (net::ERR_CERT_AUTHORITY_INVALID)
[May 12, 2022, 3:10:21.2 PM:ERROR:get_parameters.cc(53)] Unexpected HTTP status: -1
[May 12, 2022, 3:10:51.2 PM:ERROR:logging_util.cc(105)] Network error (net::ERR_CERT_AUTHORITY_INVALID)
[May 12, 2022, 3:10:51.2 PM:ERROR:get_parameters.cc(53)] Unexpected HTTP status: -1
[May 12, 2022, 3:11:21.2 PM:ERROR:logging_util.cc(105)] Network error (net::ERR_CERT_AUTHORITY_INVALID)
[May 12, 2022, 3:11:21.2 PM:ERROR:get_parameters.cc(53)] Unexpected HTTP status: -1
[May 12, 2022, 3:11:51.2 PM:ERROR:logging_util.cc(105)] Network error (net::ERR_CERT_AUTHORITY_INVALID)
[May 12, 2022, 3:11:51.2 PM:ERROR:get_parameters.cc(53)] Unexpected HTTP status: -1
[May 12, 2022, 3:12:21.2 PM:ERROR:logging_util.cc(105)] Network error (net::ERR_CERT_AUTHORITY_INVALID)
[May 12, 2022, 3:12:21.2 PM:ERROR:get_parameters.cc(53)] Unexpected HTTP status: -1
[May 12, 2022, 3:12:57.0 PM:ERROR:logging_util.cc(105)] Network error (net::ERR_CERT_AUTHORITY_INVALID)
[May 12, 2022, 3:12:57.0 PM:ERROR:get_parameters.cc(53)] Unexpected HTTP status: -1
[May 12, 2022, 3:13:00.5 PM:ERROR:logging_util.cc(105)] Network error (net::ERR_CERT_AUTHORITY_INVALID)
[May 12, 2022, 3:13:00.5 PM:ERROR:get_parameters.cc(53)] Unexpected HTTP status: -1
[May 12, 2022, 3:13:40.6 PM:ERROR:logging_util.cc(105)] Network error (net::ERR_CERT_AUTHORITY_INVALID)
[May 12, 2022, 3:13:40.6 PM:ERROR:get_parameters.cc(53)] Unexpected HTTP status: -1
[May 12, 2022, 3:30:33.5 PM:ERROR:publisher.cc(774)] Publisher info not found
[May 12, 2022, 3:30:33.5 PM:ERROR:publisher.cc(774)] Publisher info not found
[May 12, 2022, 4:01:24.7 PM:ERROR:creative_new_tab_page_ads_database_table.cc(580)] Failed to get creative new tab page ad
[May 13, 2022, 6:28:52.3 AM:ERROR:creative_new_tab_page_ads_database_table.cc(580)] Failed to get creative new tab page ad
[May 13, 2022, 1:43:14.8 PM:ERROR:creative_new_tab_page_ads_database_table.cc(580)] Failed to get creative new tab page ad
[May 13, 2022, 1:50:26.3 PM:ERROR:publisher.cc(774)] Publisher info not found
[May 13, 2022, 1:50:26.3 PM:ERROR:publisher.cc(774)] Publisher info not found
[May 13, 2022, 1:50:31.2 PM:ERROR:publisher.cc(774)] Publisher info not found
[May 13, 2022, 1:50:31.2 PM:ERROR:publisher.cc(774)] Publisher info not found
[May 13, 2022, 1:50:34.2 PM:ERROR:publisher.cc(774)] Publisher info not found
[May 13, 2022, 1:50:34.2 PM:ERROR:publisher.cc(774)] Publisher info not found
[May 13, 2022, 2:08:14.4 PM:ERROR:creative_new_tab_page_ads_database_table.cc(580)] Failed to get creative new tab page ad
[May 13, 2022, 2:14:29.9 PM:ERROR:publisher.cc(774)] Publisher info not found
[May 13, 2022, 2:25:29.6 PM:ERROR:publisher.cc(774)] Publisher info not found
[May 13, 2022, 2:25:29.6 PM:ERROR:publisher.cc(774)] Publisher info not found
[May 13, 2022, 2:36:16.7 PM:ERROR:creative_new_tab_page_ads_database_table.cc(580)] Failed to get creative new tab page ad
[May 13, 2022, 3:15:26.3 PM:ERROR:creative_new_tab_page_ads_database_table.cc(580)] Failed to get creative new tab page ad
--------------------------------------------------------------------------------
[May 17, 2022, 8:59:51.8 AM:ERROR:logging_util.cc(105)] Network error (net::ERR_CERT_AUTHORITY_INVALID)
[May 17, 2022, 8:59:51.8 AM:ERROR:get_prefix_list.cc(33)] Unexpected HTTP status: -1
[May 17, 2022, 8:59:51.8 AM:ERROR:get_prefix_list.cc(58)] Invalid server response for publisher prefix list
[May 17, 2022, 8:59:51.8 AM:ERROR:publisher_prefix_list_updater.cc(77)] Invalid server response for publisher prefix list
[May 17, 2022, 8:59:51.8 AM:ERROR:logging_util.cc(105)] Network error (net::ERR_CERT_AUTHORITY_INVALID)
[May 17, 2022, 8:59:51.8 AM:ERROR:get_parameters.cc(53)] Unexpected HTTP status: -1
[May 17, 2022, 8:59:51.8 AM:ERROR:logging_util.cc(105)] Network error (net::ERR_CERT_AUTHORITY_INVALID)
[May 17, 2022, 8:59:51.8 AM:ERROR:get_available.cc(69)] Unexpected HTTP status: -1
[May 17, 2022, 8:59:55.0 AM:ERROR:account.cc(265)] Failed to get issuers
[May 17, 2022, 8:59:57.5 AM:ERROR:logging_util.cc(105)] Network error (net::ERR_CERT_AUTHORITY_INVALID)
[May 17, 2022, 8:59:57.5 AM:ERROR:get_publisher.cc(173)] Unexpected HTTP status: -1
[May 17, 2022, 9:00:08.0 AM:ERROR:account.cc(265)] Failed to get issuers
[May 17, 2022, 9:47:46.5 AM:ERROR:refill_unblinded_tokens.cc(194)] Failed to get signed tokens
--------------------------------------------------------------------------------
[May 17, 2022, 10:10:19.0 AM:ERROR:publisher.cc(774)] Publisher info not found
[May 17, 2022, 10:10:19.0 AM:ERROR:publisher.cc(774)] Publisher info not found
[May 17, 2022, 10:24:03.9 AM:ERROR:publisher.cc(774)] Publisher info not found
[May 17, 2022, 10:24:03.9 AM:ERROR:publisher.cc(774)] Publisher info not found
[May 17, 2022, 11:33:09.6 AM:ERROR:publisher.cc(774)] Publisher info not found
[May 17, 2022, 11:33:09.6 AM:ERROR:publisher.cc(774)] Publisher info not found
[May 17, 2022, 12:14:47.7 PM:ERROR:publisher.cc(774)] Publisher info not found
[May 17, 2022, 12:14:47.7 PM:ERROR:publisher.cc(774)] Publisher info not found
[May 17, 2022, 12:17:01.8 PM:ERROR:publisher.cc(774)] Publisher info not found
[May 17, 2022, 12:17:01.8 PM:ERROR:publisher.cc(774)] Publisher info not found
[May 17, 2022, 12:17:42.3 PM:ERROR:publisher.cc(774)] Publisher info not found
[May 17, 2022, 12:18:46.8 PM:ERROR:publisher.cc(774)] Publisher info not found
[May 17, 2022, 12:26:32.9 PM:ERROR:publisher.cc(774)] Publisher info not found
[May 17, 2022, 12:26:32.9 PM:ERROR:publisher.cc(774)] Publisher info not found
--------------------------------------------------------------------------------
[May 17, 2022, 2:42:46.6 PM:ERROR:logging_util.cc(105)] Network error (net::ERR_NAME_NOT_RESOLVED)
[May 17, 2022, 2:42:46.6 PM:ERROR:get_parameters.cc(53)] Unexpected HTTP status: -1
[May 17, 2022, 2:44:43.0 PM:ERROR:logging_util.cc(105)] Network error (net::ERR_NAME_NOT_RESOLVED)
[May 17, 2022, 2:44:43.0 PM:ERROR:get_available.cc(69)] Unexpected HTTP status: -1
[May 17, 2022, 2:46:41.9 PM:ERROR:publisher.cc(774)] Publisher info not found
--------------------------------------------------------------------------------
[May 17, 2022, 3:29:22.9 PM:ERROR:logging_util.cc(105)] Network error (net::ERR_CERT_AUTHORITY_INVALID)
[May 17, 2022, 3:29:22.9 PM:ERROR:get_parameters.cc(53)] Unexpected HTTP status: -1
[May 18, 2022, 3:34:02.6 PM:ERROR:publisher.cc(774)] Publisher info not found
[May 18, 2022, 3:34:02.6 PM:ERROR:publisher.cc(774)] Publisher info not found
--------------------------------------------------------------------------------
[May 18, 2022, 4:09:04.0 PM:ERROR:publisher.cc(774)] Publisher info not found
[May 18, 2022, 4:09:04.0 PM:ERROR:publisher.cc(774)] Publisher info not found
--------------------------------------------------------------------------------
[May 19, 2022, 2:36:00.6 PM:ERROR:publisher.cc(774)] Publisher info not found
[May 19, 2022, 2:36:00.6 PM:ERROR:publisher.cc(774)] Publisher info not found
--------------------------------------------------------------------------------
[May 20, 2022, 10:46:39.1 AM:ERROR:logging_util.cc(105)] Network error (net::ERR_CERT_AUTHORITY_INVALID)
[May 20, 2022, 10:46:39.1 AM:ERROR:get_parameters.cc(53)] Unexpected HTTP status: -1
[May 20, 2022, 10:46:39.1 AM:ERROR:logging_util.cc(105)] Network error (net::ERR_CERT_AUTHORITY_INVALID)
[May 20, 2022, 10:46:39.1 AM:ERROR:get_prefix_list.cc(33)] Unexpected HTTP status: -1
[May 20, 2022, 10:46:39.1 AM:ERROR:get_prefix_list.cc(58)] Invalid server response for publisher prefix list
[May 20, 2022, 10:46:39.1 AM:ERROR:publisher_prefix_list_updater.cc(77)] Invalid server response for publisher prefix list
--------------------------------------------------------------------------------
[May 20, 2022, 1:26:56.7 PM:ERROR:logging_util.cc(105)] Network error (net::ERR_CERT_AUTHORITY_INVALID)
[May 20, 2022, 1:26:56.8 PM:ERROR:get_parameters.cc(53)] Unexpected HTTP status: -1
--------------------------------------------------------------------------------
[May 23, 2022, 12:02:08.6 PM:ERROR:logging_util.cc(105)] Network error (net::ERR_CERT_AUTHORITY_INVALID)
[May 23, 2022, 12:02:08.6 PM:ERROR:get_prefix_list.cc(33)] Unexpected HTTP status: -1
[May 23, 2022, 12:02:08.6 PM:ERROR:get_prefix_list.cc(58)] Invalid server response for publisher prefix list
[May 23, 2022, 12:02:08.6 PM:ERROR:publisher_prefix_list_updater.cc(77)] Invalid server response for publisher prefix list
[May 23, 2022, 12:02:08.6 PM:ERROR:logging_util.cc(105)] Network error (net::ERR_CERT_AUTHORITY_INVALID)
[May 23, 2022, 12:02:08.6 PM:ERROR:get_parameters.cc(53)] Unexpected HTTP status: -1
[May 23, 2022, 12:05:31.1 PM:ERROR:publisher.cc(774)] Publisher info not found
[May 23, 2022, 12:05:31.1 PM:ERROR:publisher.cc(774)] Publisher info not found
[May 23, 2022, 12:07:00.6 PM:ERROR:publisher.cc(774)] Publisher info not found
[May 23, 2022, 12:07:00.6 PM:ERROR:publisher.cc(774)] Publisher info not found
[May 23, 2022, 12:13:18.5 PM:ERROR:publisher.cc(774)] Publisher info not found
[May 23, 2022, 12:28:28.1 PM:ERROR:publisher.cc(774)] Publisher info not found
[May 23, 2022, 12:28:30.9 PM:ERROR:publisher.cc(774)] Publisher info not found
--------------------------------------------------------------------------------
[May 24, 2022, 10:22:00.4 AM:ERROR:logging_util.cc(105)] Network error (net::ERR_NAME_NOT_RESOLVED)
[May 24, 2022, 10:22:00.4 AM:ERROR:get_parameters.cc(53)] Unexpected HTTP status: -1
[May 24, 2022, 10:25:46.3 AM:ERROR:publisher.cc(774)] Publisher info not found
[May 24, 2022, 11:04:25.2 AM:ERROR:publisher.cc(774)] Publisher info not found
[May 24, 2022, 11:04:25.2 AM:ERROR:publisher.cc(774)] Publisher info not found
--------------------------------------------------------------------------------
[May 24, 2022, 11:06:11.6 AM:ERROR:logging_util.cc(105)] Network error (net::ERR_NAME_NOT_RESOLVED)
[May 24, 2022, 11:06:11.6 AM:ERROR:get_parameters.cc(53)] Unexpected HTTP status: -1
[May 24, 2022, 11:08:30.6 AM:ERROR:publisher.cc(774)] Publisher info not found
[May 24, 2022, 11:08:32.3 AM:ERROR:publisher.cc(774)] Publisher info not found
[May 24, 2022, 11:16:52.8 AM:ERROR:publisher.cc(774)] Publisher info not found
[May 24, 2022, 11:22:46.6 AM:ERROR:publisher.cc(774)] Publisher info not found
[May 24, 2022, 11:22:46.6 AM:ERROR:publisher.cc(774)] Publisher info not found
[May 24, 2022, 12:05:52.6 PM:ERROR:publisher.cc(774)] Publisher info not found
[May 24, 2022, 12:05:52.6 PM:ERROR:publisher.cc(774)] Publisher info not found
[May 24, 2022, 12:11:54.4 PM:ERROR:publisher.cc(774)] Publisher info not found
[May 24, 2022, 12:11:54.4 PM:ERROR:publisher.cc(774)] Publisher info not found
[May 24, 2022, 12:34:40.5 PM:ERROR:publisher.cc(774)] Publisher info not found
[May 24, 2022, 12:34:40.5 PM:ERROR:publisher.cc(774)] Publisher info not found
[May 24, 2022, 12:34:47.1 PM:ERROR:publisher.cc(774)] Publisher info not found
[May 24, 2022, 12:34:47.1 PM:ERROR:publisher.cc(774)] Publisher info not found
[May 24, 2022, 12:35:36.7 PM:ERROR:publisher.cc(774)] Publisher info not found
[May 24, 2022, 12:35:36.7 PM:ERROR:publisher.cc(774)] Publisher info not found
[May 24, 2022, 3:42:16.5 PM:ERROR:publisher.cc(774)] Publisher info not found
[May 25, 2022, 4:46:19.2 PM:ERROR:publisher.cc(774)] Publisher info not found
[May 25, 2022, 4:48:46.1 PM:ERROR:publisher.cc(774)] Publisher info not found
[May 25, 2022, 4:48:46.1 PM:ERROR:publisher.cc(774)] Publisher info not found
--------------------------------------------------------------------------------
[May 27, 2022, 10:06:35.6 AM:ERROR:logging_util.cc(105)] Network error (net::ERR_CERT_AUTHORITY_INVALID)
[May 27, 2022, 10:06:35.6 AM:ERROR:get_available.cc(69)] Unexpected HTTP status: -1
[May 27, 2022, 10:06:35.6 AM:ERROR:logging_util.cc(105)] Network error (net::ERR_CERT_AUTHORITY_INVALID)
[May 27, 2022, 10:06:35.6 AM:ERROR:get_prefix_list.cc(33)] Unexpected HTTP status: -1
[May 27, 2022, 10:06:35.6 AM:ERROR:get_prefix_list.cc(58)] Invalid server response for publisher prefix list
[May 27, 2022, 10:06:35.6 AM:ERROR:publisher_prefix_list_updater.cc(77)] Invalid server response for publisher prefix list
[May 27, 2022, 10:06:35.6 AM:ERROR:logging_util.cc(105)] Network error (net::ERR_CERT_AUTHORITY_INVALID)
[May 27, 2022, 10:06:35.6 AM:ERROR:get_parameters.cc(53)] Unexpected HTTP status: -1
[May 27, 2022, 10:06:36.0 AM:ERROR:logging_util.cc(105)] Network error (net::ERR_CERT_AUTHORITY_INVALID)
[May 27, 2022, 10:06:36.0 AM:ERROR:get_publisher.cc(173)] Unexpected HTTP status: -1
--------------------------------------------------------------------------------
[May 27, 2022, 2:02:22.9 PM:ERROR:logging_util.cc(105)] Network error (net::ERR_NAME_NOT_RESOLVED)
[May 27, 2022, 2:02:22.9 PM:ERROR:get_parameters.cc(53)] Unexpected HTTP status: -1
[May 27, 2022, 2:21:40.5 PM:ERROR:publisher.cc(774)] Publisher info not found
[May 27, 2022, 2:28:54.2 PM:ERROR:publisher.cc(774)] Publisher info not found
[May 27, 2022, 2:58:49.9 PM:ERROR:publisher.cc(774)] Publisher info not found
[May 27, 2022, 2:58:56.0 PM:ERROR:publisher.cc(774)] Publisher info not found
[May 27, 2022, 4:03:48.5 PM:ERROR:publisher.cc(774)] Publisher info not found
[May 27, 2022, 4:03:48.5 PM:ERROR:publisher.cc(774)] Publisher info not found
--------------------------------------------------------------------------------
[May 30, 2022, 8:04:26.4 AM:ERROR:publisher.cc(774)] Publisher info not found
[May 30, 2022, 8:06:16.4 AM:ERROR:publisher.cc(774)] Publisher info not found
[May 30, 2022, 8:34:49.5 AM:ERROR:publisher.cc(774)] Publisher info not found
--------------------------------------------------------------------------------
[May 30, 2022, 8:42:04.3 AM:ERROR:publisher.cc(774)] Publisher info not found
[May 30, 2022, 8:42:04.4 AM:ERROR:publisher.cc(774)] Publisher info not found
[May 30, 2022, 9:07:01.1 AM:ERROR:publisher.cc(774)] Publisher info not found
[May 30, 2022, 9:18:35.7 AM:ERROR:publisher.cc(774)] Publisher info not found
[May 30, 2022, 9:18:50.6 AM:ERROR:publisher.cc(774)] Publisher info not found
[May 30, 2022, 9:27:12.1 AM:ERROR:publisher.cc(774)] Publisher info not found
[May 30, 2022, 9:28:20.8 AM:ERROR:publisher.cc(774)] Publisher info not found
[May 30, 2022, 9:54:40.7 AM:ERROR:publisher.cc(774)] Publisher info not found
[May 30, 2022, 10:01:35.2 AM:ERROR:publisher.cc(774)] Publisher info not found
[May 30, 2022, 10:01:38.0 AM:ERROR:publisher.cc(774)] Publisher info not found
[May 30, 2022, 10:01:40.2 AM:ERROR:publisher.cc(774)] Publisher info not found
[May 30, 2022, 10:01:42.6 AM:ERROR:publisher.cc(774)] Publisher info not found
[May 30, 2022, 10:53:02.1 AM:ERROR:publisher.cc(774)] Publisher info not found
--------------------------------------------------------------------------------
[May 30, 2022, 3:37:52.7 PM:ERROR:publisher.cc(774)] Publisher info not found
[May 30, 2022, 3:37:53.6 PM:ERROR:publisher.cc(774)] Publisher info not found
[May 30, 2022, 3:38:00.2 PM:ERROR:publisher.cc(774)] Publisher info not found
--------------------------------------------------------------------------------
[May 30, 2022, 5:32:09.2 PM:ERROR:logging_util.cc(105)] Network error (net::ERR_INTERNET_DISCONNECTED)
[May 30, 2022, 5:32:09.2 PM:ERROR:get_parameters.cc(53)] Unexpected HTTP status: -1
[May 30, 2022, 5:32:39.1 PM:ERROR:logging_util.cc(105)] Network error (net::ERR_INTERNET_DISCONNECTED)
[May 30, 2022, 5:32:39.1 PM:ERROR:get_available.cc(69)] Unexpected HTTP status: -1
--------------------------------------------------------------------------------
[Jun 05, 2022, 3:39:52.4 PM:ERROR:publisher.cc(774)] Publisher info not found
[Jun 05, 2022, 3:39:52.4 PM:ERROR:publisher.cc(774)] Publisher info not found
--------------------------------------------------------------------------------
[Jun 06, 2022, 12:17:27.7 PM:ERROR:logging_util.cc(105)] Network error (net::ERR_CERT_AUTHORITY_INVALID)
[Jun 06, 2022, 12:17:27.7 PM:ERROR:get_parameters.cc(53)] Unexpected HTTP status: -1
[Jun 06, 2022, 12:27:05.8 PM:ERROR:publisher.cc(774)] Publisher info not found
[Jun 06, 2022, 12:27:05.8 PM:ERROR:publisher.cc(774)] Publisher info not found
[Jun 07, 2022, 9:38:43.0 AM:ERROR:publisher.cc(774)] Publisher info not found
[Jun 07, 2022, 9:38:43.0 AM:ERROR:publisher.cc(774)] Publisher info not found
--------------------------------------------------------------------------------
[Jun 07, 2022, 10:11:02.6 AM:ERROR:publisher.cc(774)] Publisher info not found
[Jun 07, 2022, 10:11:02.6 AM:ERROR:publisher.cc(774)] Publisher info not found
[Jun 07, 2022, 3:02:43.4 PM:ERROR:publisher.cc(774)] Publisher info not found
--------------------------------------------------------------------------------
[Jun 09, 2022, 5:32:01.8 PM:ERROR:logging_util.cc(105)] Network error (net::ERR_CERT_AUTHORITY_INVALID)
[Jun 09, 2022, 5:32:01.8 PM:ERROR:get_parameters.cc(53)] Unexpected HTTP status: -1
[Jun 09, 2022, 5:32:01.9 PM:ERROR:logging_util.cc(105)] Network error (net::ERR_CERT_AUTHORITY_INVALID)
[Jun 09, 2022, 5:32:01.9 PM:ERROR:get_available.cc(69)] Unexpected HTTP status: -1
[Jun 09, 2022, 5:32:01.9 PM:ERROR:logging_util.cc(105)] Network error (net::ERR_CERT_AUTHORITY_INVALID)
[Jun 09, 2022, 5:32:01.9 PM:ERROR:get_prefix_list.cc(33)] Unexpected HTTP status: -1
[Jun 09, 2022, 5:32:01.9 PM:ERROR:get_prefix_list.cc(58)] Invalid server response for publisher prefix list
[Jun 09, 2022, 5:32:01.9 PM:ERROR:publisher_prefix_list_updater.cc(77)] Invalid server response for publisher prefix list
[Jun 10, 2022, 3:16:35.5 PM:ERROR:publisher.cc(774)] Publisher info not found
[Jun 10, 2022, 3:16:35.5 PM:ERROR:publisher.cc(774)] Publisher info not found
[Jun 11, 2022, 5:45:28.1 PM:ERROR:publisher.cc(774)] Publisher info not found
[Jun 11, 2022, 5:45:52.6 PM:ERROR:publisher.cc(774)] Publisher info not found
[Jun 11, 2022, 6:23:31.6 PM:ERROR:publisher.cc(774)] Publisher info not found
[Jun 11, 2022, 6:23:31.6 PM:ERROR:publisher.cc(774)] Publisher info not found
[Jun 11, 2022, 6:53:45.6 PM:ERROR:publisher.cc(774)] Publisher info not found
[Jun 11, 2022, 6:57:13.8 PM:ERROR:publisher.cc(774)] Publisher info not found
[Jun 11, 2022, 6:58:42.1 PM:ERROR:publisher.cc(774)] Publisher info not found
--------------------------------------------------------------------------------
[Jun 12, 2022, 2:44:11.0 PM:ERROR:publisher.cc(774)] Publisher info not found
[Jun 12, 2022, 2:44:11.0 PM:ERROR:publisher.cc(774)] Publisher info not found
[Jun 12, 2022, 2:44:30.0 PM:ERROR:publisher.cc(774)] Publisher info not found
[Jun 12, 2022, 2:44:30.0 PM:ERROR:publisher.cc(774)] Publisher info not found
--------------------------------------------------------------------------------
[Jun 12, 2022, 4:22:27.2 PM:ERROR:publisher.cc(845)] Failed to retrieve publisher info while updating media duration
[Jun 12, 2022, 4:22:28.1 PM:ERROR:publisher.cc(774)] Publisher info not found
[Jun 12, 2022, 4:22:50.1 PM:ERROR:publisher.cc(774)] Publisher info not found
[Jun 12, 2022, 4:25:15.8 PM:ERROR:publisher.cc(774)] Publisher info not found
[Jun 12, 2022, 4:26:58.2 PM:ERROR:publisher.cc(774)] Publisher info not found
[Jun 12, 2022, 4:27:36.7 PM:ERROR:publisher.cc(774)] Publisher info not found
[Jun 12, 2022, 4:27:36.7 PM:ERROR:publisher.cc(774)] Publisher info not found
[Jun 12, 2022, 9:38:54.5 PM:ERROR:publisher.cc(774)] Publisher info not found
[Jun 12, 2022, 10:30:20.5 PM:ERROR:publisher.cc(774)] Publisher info not found
[Jun 13, 2022, 12:06:30.3 PM:ERROR:publisher.cc(774)] Publisher info not found
[Jun 13, 2022, 7:25:39.9 PM:ERROR:publisher.cc(774)] Publisher info not found
[Jun 13, 2022, 7:49:23.9 PM:ERROR:publisher.cc(774)] Publisher info not found
[Jun 13, 2022, 7:56:06.2 PM:ERROR:publisher.cc(774)] Publisher info not found
[Jun 13, 2022, 8:06:27.9 PM:ERROR:publisher.cc(774)] Publisher info not found
[Jun 13, 2022, 8:09:41.3 PM:ERROR:publisher.cc(774)] Publisher info not found
[Jun 13, 2022, 8:31:47.5 PM:ERROR:publisher.cc(774)] Publisher info not found
[Jun 13, 2022, 8:32:15.7 PM:ERROR:publisher.cc(774)] Publisher info not found
[Jun 13, 2022, 8:32:34.0 PM:ERROR:publisher.cc(774)] Publisher info not found
[Jun 13, 2022, 9:57:13.7 PM:ERROR:publisher.cc(774)] Publisher info not found
[Jun 13, 2022, 10:08:20.7 PM:ERROR:publisher.cc(774)] Publisher info not found
[Jun 13, 2022, 10:11:43.1 PM:ERROR:publisher.cc(774)] Publisher info not found
--------------------------------------------------------------------------------
[Jun 14, 2022, 9:34:39.6 AM:ERROR:logging_util.cc(105)] Network error (net::ERR_CERT_AUTHORITY_INVALID)
[Jun 14, 2022, 9:34:39.6 AM:ERROR:get_available.cc(69)] Unexpected HTTP status: -1
[Jun 14, 2022, 9:34:39.6 AM:ERROR:logging_util.cc(105)] Network error (net::ERR_CERT_AUTHORITY_INVALID)
[Jun 14, 2022, 9:34:39.7 AM:ERROR:get_parameters.cc(53)] Unexpected HTTP status: -1
[Jun 14, 2022, 9:35:53.8 AM:ERROR:publisher.cc(774)] Publisher info not found
[Jun 14, 2022, 9:35:53.8 AM:ERROR:publisher.cc(774)] Publisher info not found
[Jun 14, 2022, 11:04:28.8 AM:ERROR:publisher.cc(774)] Publisher info not found
[Jun 14, 2022, 11:18:54.0 AM:ERROR:publisher.cc(774)] Publisher info not found
--------------------------------------------------------------------------------
[Jun 14, 2022, 11:33:07.8 AM:ERROR:publisher.cc(774)] Publisher info not found
[Jun 14, 2022, 11:36:49.2 AM:ERROR:publisher.cc(774)] Publisher info not found
[Jun 14, 2022, 11:51:42.8 AM:ERROR:publisher.cc(774)] Publisher info not found
[Jun 14, 2022, 11:51:51.2 AM:ERROR:publisher.cc(774)] Publisher info not found
[Jun 14, 2022, 12:29:29.2 PM:ERROR:publisher.cc(774)] Publisher info not found
[Jun 14, 2022, 12:30:15.7 PM:ERROR:publisher.cc(774)] Publisher info not found
[Jun 14, 2022, 12:54:21.8 PM:ERROR:publisher.cc(774)] Publisher info not found
--------------------------------------------------------------------------------
[Jun 14, 2022, 10:22:57.0 PM:ERROR:publisher.cc(774)] Publisher info not found
[Jun 14, 2022, 10:36:21.7 PM:ERROR:publisher.cc(774)] Publisher info not found
--------------------------------------------------------------------------------
[Jun 15, 2022, 10:34:33.0 PM:ERROR:publisher.cc(774)] Publisher info not found
[Jun 15, 2022, 10:35:11.9 PM:ERROR:publisher.cc(774)] Publisher info not found
[Jun 15, 2022, 11:13:34.9 PM:ERROR:publisher.cc(774)] Publisher info not found
[Jun 15, 2022, 11:19:30.4 PM:ERROR:publisher.cc(774)] Publisher info not found
[Jun 16, 2022, 1:32:09.2 PM:ERROR:logging_util.cc(105)] Network error (net::ERR_CERT_AUTHORITY_INVALID)
[Jun 16, 2022, 1:32:09.2 PM:ERROR:get_parameters.cc(53)] Unexpected HTTP status: -1
--------------------------------------------------------------------------------
[Jun 16, 2022, 10:12:52.3 PM:ERROR:publisher.cc(774)] Publisher info not found
[Jun 16, 2022, 10:15:56.0 PM:ERROR:publisher.cc(774)] Publisher info not found
[Jun 16, 2022, 10:15:56.0 PM:ERROR:publisher.cc(774)] Publisher info not found
[Jun 16, 2022, 11:14:57.8 PM:ERROR:publisher.cc(774)] Publisher info not found
[Jun 17, 2022, 12:00:15.4 AM:ERROR:publisher.cc(774)] Publisher info not found
[Jun 17, 2022, 12:09:05.5 AM:ERROR:publisher.cc(774)] Publisher info not found
[Jun 17, 2022, 12:11:49.0 AM:ERROR:publisher.cc(774)] Publisher info not found
[Jun 17, 2022, 12:12:05.4 AM:ERROR:publisher.cc(774)] Publisher info not found
[Jun 17, 2022, 11:10:06.4 AM:ERROR:publisher.cc(774)] Publisher info not found
