[2022-05-17 09:24:51.726] [exthost] [info] Extension host with pid 2024 started
[2022-05-17 09:24:51.886] [exthost] [info] ExtensionService#_doActivateExtension vscode.debug-auto-launch, startup: true, activationEvent: '*'
[2022-05-17 09:24:51.905] [exthost] [info] ExtensionService#_doActivateExtension vscode.git-base, startup: true, activationEvent: '*', root cause: vscode.git
[2022-05-17 09:24:51.913] [exthost] [info] ExtensionService#_doActivateExtension vscode.ipynb, startup: true, activationEvent: '*'
[2022-05-17 09:24:51.928] [exthost] [info] ExtensionService#_doActivateExtension christian-kohler.path-intellisense, startup: true, activationEvent: '*'
[2022-05-17 09:24:51.991] [exthost] [info] ExtensionService#_doActivateExtension ecmel.vscode-html-css, startup: true, activationEvent: '*'
[2022-05-17 09:24:52.156] [exthost] [info] ExtensionService#_doActivateExtension icrawl.discord-vscode, startup: true, activationEvent: '*'
[2022-05-17 09:24:52.195] [exthost] [info] ExtensionService#_doActivateExtension oderwat.indent-rainbow, startup: true, activationEvent: '*'
[2022-05-17 09:24:52.236] [exthost] [info] ExtensionService#_doActivateExtension vscode.git, startup: true, activationEvent: '*'
[2022-05-17 09:24:52.263] [exthost] [info] ExtensionService#_doActivateExtension vscode.github, startup: true, activationEvent: '*'
[2022-05-17 09:24:52.374] [exthost] [info] Eager extensions activated
[2022-05-17 09:24:52.429] [exthost] [info] ExtensionService#_doActivateExtension vscode.emmet, startup: false, activationEvent: 'onStartupFinished'
[2022-05-17 09:24:52.456] [exthost] [info] ExtensionService#_doActivateExtension vscode.merge-conflict, startup: false, activationEvent: 'onStartupFinished'
[2022-05-17 09:24:52.464] [exthost] [info] ExtensionService#_doActivateExtension CoenraadS.bracket-pair-colorizer-2, startup: false, activationEvent: 'onStartupFinished'
[2022-05-17 09:24:52.577] [exthost] [info] ExtensionService#_doActivateExtension ms-vscode-remote.remote-containers, startup: false, activationEvent: 'onStartupFinished'
[2022-05-17 09:24:52.664] [exthost] [info] ExtensionService#_doActivateExtension ms-vscode-remote.remote-wsl, startup: false, activationEvent: 'onStartupFinished'
[2022-05-17 09:24:52.673] [exthost] [info] ExtensionService#_doActivateExtension ritwickdey.LiveServer, startup: false, activationEvent: 'onStartupFinished'
[2022-05-17 09:24:53.122] [exthost] [info] ExtensionService#_doActivateExtension unthrottled.doki-theme, startup: false, activationEvent: 'onStartupFinished'
[2022-05-17 09:25:05.759] [exthost] [info] Extension host terminating: renderer closed the socket
[2022-05-17 09:25:05.788] [exthost] [info] Extension host with pid 2024 exiting with code 0
[2022-05-17 09:25:08.405] [exthost] [info] Extension host with pid 2098 started
[2022-05-17 09:25:08.405] [exthost] [info] Skipping acquiring lock for /home/baka/.config/Code/User/workspaceStorage/8c962396f169c61bc03cf88aee18da8c.
[2022-05-17 09:25:08.504] [exthost] [info] ExtensionService#_doActivateExtension vscode.debug-auto-launch, startup: true, activationEvent: '*'
[2022-05-17 09:25:08.509] [exthost] [info] ExtensionService#_doActivateExtension vscode.git-base, startup: true, activationEvent: '*'
[2022-05-17 09:25:08.512] [exthost] [info] ExtensionService#_doActivateExtension vscode.ipynb, startup: true, activationEvent: '*'
[2022-05-17 09:25:08.520] [exthost] [info] ExtensionService#_doActivateExtension christian-kohler.path-intellisense, startup: true, activationEvent: '*'
[2022-05-17 09:25:08.537] [exthost] [info] ExtensionService#_doActivateExtension vscode.npm, startup: true, activationEvent: 'workspaceContains:package.json'
[2022-05-17 09:25:08.630] [exthost] [info] ExtensionService#_doActivateExtension vscode.github, startup: true, activationEvent: '*'
[2022-05-17 09:25:08.667] [exthost] [info] Eager extensions activated
[2022-05-17 09:25:08.672] [exthost] [info] ExtensionService#_doActivateExtension vscode.emmet, startup: false, activationEvent: 'onStartupFinished'
[2022-05-17 09:25:08.678] [exthost] [info] ExtensionService#_doActivateExtension vscode.merge-conflict, startup: false, activationEvent: 'onStartupFinished'
[2022-05-17 09:25:08.680] [exthost] [info] ExtensionService#_doActivateExtension ms-vscode-remote.remote-containers, startup: false, activationEvent: 'onStartupFinished'
[2022-05-17 09:25:08.733] [exthost] [info] ExtensionService#_doActivateExtension ms-vscode-remote.remote-wsl, startup: false, activationEvent: 'onStartupFinished'
[2022-05-17 09:25:08.741] [exthost] [info] ExtensionService#_doActivateExtension unthrottled.doki-theme, startup: false, activationEvent: 'onStartupFinished'
[2022-05-17 09:25:12.711] [exthost] [info] ExtensionService#_doActivateExtension vscode.git, startup: false, activationEvent: 'api', root cause: vscode.github
[2022-05-17 09:25:12.731] [exthost] [info] ExtensionService#_doActivateExtension CoenraadS.bracket-pair-colorizer-2, startup: false, activationEvent: 'onStartupFinished'
[2022-05-17 09:25:12.741] [exthost] [info] ExtensionService#_doActivateExtension ecmel.vscode-html-css, startup: false, activationEvent: '*'
[2022-05-17 09:25:12.786] [exthost] [info] ExtensionService#_doActivateExtension icrawl.discord-vscode, startup: false, activationEvent: '*'
[2022-05-17 09:25:12.803] [exthost] [info] ExtensionService#_doActivateExtension oderwat.indent-rainbow, startup: false, activationEvent: '*'
[2022-05-17 09:25:12.804] [exthost] [info] ExtensionService#_doActivateExtension ritwickdey.LiveServer, startup: false, activationEvent: 'onStartupFinished'
[2022-05-17 09:25:14.226] [exthost] [info] ExtensionService#_doActivateExtension vscode.typescript-language-features, startup: false, activationEvent: 'onLanguage:javascript'
[2022-05-17 09:25:14.340] [exthost] [info] ExtensionService#_doActivateExtension VisualStudioExptTeam.vscodeintellicode, startup: false, activationEvent: 'onLanguage:javascript'
[2022-05-17 09:25:33.083] [exthost] [info] ExtensionService#_doActivateExtension vscode.microsoft-authentication, startup: false, activationEvent: 'onAuthenticationRequest:microsoft'
[2022-05-17 09:25:58.194] [exthost] [info] ExtensionService#_doActivateExtension vscode.github-authentication, startup: false, activationEvent: 'onAuthenticationRequest:github'
[2022-05-17 09:26:01.133] [exthost] [info] ExtensionService#_doActivateExtension vscode.configuration-editing, startup: false, activationEvent: 'onLanguage:jsonc'
[2022-05-17 09:26:01.142] [exthost] [info] ExtensionService#_doActivateExtension vscode.json-language-features, startup: false, activationEvent: 'onLanguage:jsonc'
[2022-05-17 09:41:12.639] [exthost] [info] ExtensionService#_doActivateExtension vscode.css-language-features, startup: false, activationEvent: 'onLanguage:css'
[2022-05-17 09:41:12.711] [exthost] [info] ExtensionService#_doActivateExtension aeschli.vscode-css-formatter, startup: false, activationEvent: 'onLanguage:css'
[2022-05-17 09:41:42.807] [exthost] [info] ExtensionService#_doActivateExtension vscode.html-language-features, startup: false, activationEvent: 'onLanguage:html'
[2022-05-17 09:41:53.956] [exthost] [error] [ecmel.vscode-html-css] provider FAILED
[2022-05-17 09:41:53.956] [exthost] [error] undefined
[2022-05-17 09:41:54.180] [exthost] [error] [ecmel.vscode-html-css] provider FAILED
[2022-05-17 09:41:54.180] [exthost] [error] undefined
[2022-05-17 09:41:54.972] [exthost] [error] [ecmel.vscode-html-css] provider FAILED
[2022-05-17 09:41:54.972] [exthost] [error] undefined
[2022-05-17 09:41:55.232] [exthost] [error] [ecmel.vscode-html-css] provider FAILED
[2022-05-17 09:41:55.232] [exthost] [error] undefined
[2022-05-17 09:41:55.594] [exthost] [error] [ecmel.vscode-html-css] provider FAILED
[2022-05-17 09:41:55.594] [exthost] [error] undefined
[2022-05-17 09:41:55.756] [exthost] [error] [ecmel.vscode-html-css] provider FAILED
[2022-05-17 09:41:55.756] [exthost] [error] undefined
[2022-05-17 09:42:04.247] [exthost] [error] [ecmel.vscode-html-css] provider FAILED
[2022-05-17 09:42:04.247] [exthost] [error] undefined
[2022-05-17 09:42:04.534] [exthost] [error] [ecmel.vscode-html-css] provider FAILED
[2022-05-17 09:42:04.534] [exthost] [error] undefined
[2022-05-17 09:42:04.779] [exthost] [error] [ecmel.vscode-html-css] provider FAILED
[2022-05-17 09:42:04.779] [exthost] [error] undefined
[2022-05-17 09:42:05.594] [exthost] [error] [ecmel.vscode-html-css] provider FAILED
[2022-05-17 09:42:05.594] [exthost] [error] undefined
[2022-05-17 09:42:06.101] [exthost] [error] [ecmel.vscode-html-css] provider FAILED
[2022-05-17 09:42:06.101] [exthost] [error] undefined
[2022-05-17 09:42:06.367] [exthost] [error] [ecmel.vscode-html-css] provider FAILED
[2022-05-17 09:42:06.367] [exthost] [error] undefined
[2022-05-17 09:42:06.808] [exthost] [error] [ecmel.vscode-html-css] provider FAILED
[2022-05-17 09:42:06.808] [exthost] [error] undefined
[2022-05-17 09:42:06.904] [exthost] [error] [ecmel.vscode-html-css] provider FAILED
[2022-05-17 09:42:06.904] [exthost] [error] undefined
[2022-05-17 09:42:07.866] [exthost] [error] [ecmel.vscode-html-css] provider FAILED
[2022-05-17 09:42:07.866] [exthost] [error] undefined
[2022-05-17 09:42:08.281] [exthost] [error] [ecmel.vscode-html-css] provider FAILED
[2022-05-17 09:42:08.282] [exthost] [error] undefined
[2022-05-17 09:45:40.149] [exthost] [error] [ecmel.vscode-html-css] provider FAILED
[2022-05-17 09:45:40.149] [exthost] [error] undefined
[2022-05-17 09:45:54.686] [exthost] [error] [ecmel.vscode-html-css] provider FAILED
[2022-05-17 09:45:54.686] [exthost] [error] undefined
[2022-05-17 09:46:03.366] [exthost] [error] [ecmel.vscode-html-css] provider FAILED
[2022-05-17 09:46:03.366] [exthost] [error] undefined
